2026-06-12T10:11:26.704Z [renderer:2] %cElectron Security Warning (Insecure Content-Security-Policy) font-weight: bold; This renderer process has either no Content Security
  Policy set or a policy with "unsafe-eval" enabled. This exposes users of
  this app to unnecessary security risks.

For more information and help, consult
https://electronjs.org/docs/tutorial/security.
This warning will not show up
once the app is packaged.
2026-06-12T10:11:26.705Z [diagnostics] {"href":"file:///C:/Users/Usuario/Desktop/script%20vinted-wallapop/ui/index.html","hasDesktopApp":true,"hasStatusBox":true,"scriptCount":1}
2026-06-12T10:11:54.553Z [renderer:2] %cElectron Security Warning (Insecure Content-Security-Policy) font-weight: bold; This renderer process has either no Content Security
  Policy set or a policy with "unsafe-eval" enabled. This exposes users of
  this app to unnecessary security risks.

For more information and help, consult
https://electronjs.org/docs/tutorial/security.
This warning will not show up
once the app is packaged.
2026-06-12T10:11:54.555Z [diagnostics] {"href":"file:///C:/Users/Usuario/Desktop/script%20vinted-wallapop/ui/index.html","hasDesktopApp":true,"hasStatusBox":true,"scriptCount":1}
2026-06-12T10:12:02.501Z [status] Abriendo Wallapop para iniciar sesion...
2026-06-12T10:12:04.032Z [status] Inicia sesion manualmente en el navegador. Cuando cierres esa ventana, la sesion quedara guardada.
2026-06-12T10:13:58.383Z [renderer:2] %cElectron Security Warning (Insecure Content-Security-Policy) font-weight: bold; This renderer process has either no Content Security
  Policy set or a policy with "unsafe-eval" enabled. This exposes users of
  this app to unnecessary security risks.

For more information and help, consult
https://electronjs.org/docs/tutorial/security.
This warning will not show up
once the app is packaged.
2026-06-12T10:13:58.384Z [diagnostics] {"href":"file:///C:/Users/Usuario/Desktop/script%20vinted-wallapop/ui/index.html","hasDesktopApp":true,"hasStatusBox":true,"scriptCount":1}
2026-06-12T10:13:59.564Z [status] Abriendo Wallapop para iniciar sesion...
2026-06-12T10:14:01.066Z [status] Inicia sesion manualmente en el navegador. Cuando cierres esa ventana, la sesion quedara guardada.
2026-06-12T11:09:40.646Z [renderer:2] %cElectron Security Warning (Insecure Content-Security-Policy) font-weight: bold; This renderer process has either no Content Security
  Policy set or a policy with "unsafe-eval" enabled. This exposes users of
  this app to unnecessary security risks.

For more information and help, consult
https://electronjs.org/docs/tutorial/security.
This warning will not show up
once the app is packaged.
2026-06-12T11:09:40.647Z [diagnostics] {"href":"file:///C:/Users/Usuario/Desktop/script%20vinted-wallapop/ui/index.html","hasDesktopApp":true,"hasStatusBox":true,"scriptCount":1}
2026-06-12T11:11:47.109Z [renderer:2] %cElectron Security Warning (Insecure Content-Security-Policy) font-weight: bold; This renderer process has either no Content Security
  Policy set or a policy with "unsafe-eval" enabled. This exposes users of
  this app to unnecessary security risks.

For more information and help, consult
https://electronjs.org/docs/tutorial/security.
This warning will not show up
once the app is packaged.
2026-06-12T11:11:47.110Z [diagnostics] {"href":"file:///C:/Users/Usuario/Desktop/script%20vinted-wallapop/ui/index.html","hasDesktopApp":true,"hasStatusBox":true,"scriptCount":1}
2026-06-12T11:14:03.361Z [status] Abriendo la pagina de subida de Wallapop...
2026-06-12T11:14:08.991Z [status] Seleccionando 'Algo que ya no necesito'...
2026-06-12T11:14:09.235Z [status] Rellenando el resumen inicial...
2026-06-12T11:14:09.266Z [status] He dejado el navegador abierto para que puedas revisar el punto exacto donde fallo.
2026-06-12T11:15:45.311Z [renderer:2] %cElectron Security Warning (Insecure Content-Security-Policy) font-weight: bold; This renderer process has either no Content Security
  Policy set or a policy with "unsafe-eval" enabled. This exposes users of
  this app to unnecessary security risks.

For more information and help, consult
https://electronjs.org/docs/tutorial/security.
This warning will not show up
once the app is packaged.
2026-06-12T11:15:45.313Z [diagnostics] {"href":"file:///C:/Users/Usuario/Desktop/script%20vinted-wallapop/ui/index.html","hasDesktopApp":true,"hasStatusBox":true,"scriptCount":1}
2026-06-12T11:15:49.238Z [status] Abriendo Wallapop para iniciar sesion...
2026-06-12T11:15:50.497Z [status] Inicia sesion manualmente en el navegador. Cuando cierres esa ventana, la sesion quedara guardada.
2026-06-12T11:15:55.848Z [status] Sesion de Wallapop guardada.
2026-06-12T11:16:50.029Z [status] Abriendo la pagina de subida de Wallapop...
2026-06-12T11:16:55.334Z [status] Seleccionando 'Algo que ya no necesito'...
2026-06-12T11:16:55.520Z [status] Rellenando el resumen inicial...
2026-06-12T11:16:55.566Z [status] He dejado el navegador abierto para que puedas revisar el punto exacto donde fallo.
2026-06-12T11:17:44.080Z [renderer:2] %cElectron Security Warning (Insecure Content-Security-Policy) font-weight: bold; This renderer process has either no Content Security
  Policy set or a policy with "unsafe-eval" enabled. This exposes users of
  this app to unnecessary security risks.

For more information and help, consult
https://electronjs.org/docs/tutorial/security.
This warning will not show up
once the app is packaged.
2026-06-12T11:17:44.082Z [diagnostics] {"href":"file:///C:/Users/Usuario/Desktop/script%20vinted-wallapop/ui/index.html","hasDesktopApp":true,"hasStatusBox":true,"scriptCount":1}
2026-06-12T11:19:02.760Z [status] Abriendo la pagina de subida de Wallapop...
2026-06-12T11:19:07.635Z [status] Seleccionando 'Algo que ya no necesito'...
2026-06-12T11:19:07.886Z [status] Rellenando el resumen inicial...
2026-06-12T11:19:07.950Z [status] He dejado el navegador abierto para que puedas revisar el punto exacto donde fallo.
2026-06-12T11:20:16.216Z [renderer:2] %cElectron Security Warning (Insecure Content-Security-Policy) font-weight: bold; This renderer process has either no Content Security
  Policy set or a policy with "unsafe-eval" enabled. This exposes users of
  this app to unnecessary security risks.

For more information and help, consult
https://electronjs.org/docs/tutorial/security.
This warning will not show up
once the app is packaged.
2026-06-12T11:20:16.217Z [diagnostics] {"href":"file:///C:/Users/Usuario/Desktop/script%20vinted-wallapop/ui/index.html","hasDesktopApp":true,"hasStatusBox":true,"scriptCount":1}
2026-06-12T11:20:49.996Z [status] Abriendo la pagina de subida de Wallapop...
2026-06-12T11:20:54.633Z [status] Seleccionando 'Algo que ya no necesito'...
2026-06-12T11:20:56.419Z [status] Rellenando el resumen inicial...
2026-06-12T11:21:00.533Z [status] Continuando al formulario completo...
2026-06-12T11:21:00.740Z [status] Subiendo imagenes...
2026-06-12T11:21:00.776Z [status] He dejado el navegador abierto para que puedas revisar el punto exacto donde fallo.
2026-06-12T11:22:27.832Z [renderer:2] %cElectron Security Warning (Insecure Content-Security-Policy) font-weight: bold; This renderer process has either no Content Security
  Policy set or a policy with "unsafe-eval" enabled. This exposes users of
  this app to unnecessary security risks.

For more information and help, consult
https://electronjs.org/docs/tutorial/security.
This warning will not show up
once the app is packaged.
2026-06-12T11:22:27.833Z [diagnostics] {"href":"file:///C:/Users/Usuario/Desktop/script%20vinted-wallapop/ui/index.html","hasDesktopApp":true,"hasStatusBox":true,"scriptCount":1}
2026-06-12T11:22:58.908Z [status] Abriendo la pagina de subida de Wallapop...
2026-06-12T11:23:03.816Z [status] Seleccionando 'Algo que ya no necesito'...
2026-06-12T11:23:05.548Z [status] Rellenando el resumen inicial...
2026-06-12T11:23:09.578Z [status] Continuando al formulario completo...
2026-06-12T11:23:09.812Z [status] Subiendo imagenes...
2026-06-12T11:23:09.880Z [status] He dejado el navegador abierto para que puedas revisar el punto exacto donde fallo.
2026-06-12T11:24:52.183Z [renderer:2] %cElectron Security Warning (Insecure Content-Security-Policy) font-weight: bold; This renderer process has either no Content Security
  Policy set or a policy with "unsafe-eval" enabled. This exposes users of
  this app to unnecessary security risks.

For more information and help, consult
https://electronjs.org/docs/tutorial/security.
This warning will not show up
once the app is packaged.
2026-06-12T11:24:52.184Z [diagnostics] {"href":"file:///C:/Users/Usuario/Desktop/script%20vinted-wallapop/ui/index.html","hasDesktopApp":true,"hasStatusBox":true,"scriptCount":1}
2026-06-12T11:26:36.330Z [status] Abriendo la pagina de subida de Wallapop...
2026-06-12T11:26:41.099Z [status] Seleccionando 'Algo que ya no necesito'...
2026-06-12T11:26:42.879Z [status] Rellenando el resumen inicial...
2026-06-12T11:26:46.958Z [status] Continuando al formulario completo...
2026-06-12T11:26:47.128Z [status] Subiendo imagenes...
2026-06-12T11:26:50.344Z [status] Seleccionando la categoria...
2026-06-12T11:26:51.287Z [status] He dejado el navegador abierto para que puedas revisar el punto exacto donde fallo.
2026-06-12T11:27:42.440Z [renderer:2] %cElectron Security Warning (Insecure Content-Security-Policy) font-weight: bold; This renderer process has either no Content Security
  Policy set or a policy with "unsafe-eval" enabled. This exposes users of
  this app to unnecessary security risks.

For more information and help, consult
https://electronjs.org/docs/tutorial/security.
This warning will not show up
once the app is packaged.
2026-06-12T11:27:42.441Z [diagnostics] {"href":"file:///C:/Users/Usuario/Desktop/script%20vinted-wallapop/ui/index.html","hasDesktopApp":true,"hasStatusBox":true,"scriptCount":1}
2026-06-12T11:28:20.366Z [status] Abriendo la pagina de subida de Wallapop...
2026-06-12T11:28:25.098Z [status] Seleccionando 'Algo que ya no necesito'...
2026-06-12T11:28:26.864Z [status] Rellenando el resumen inicial...
2026-06-12T11:28:30.950Z [status] Continuando al formulario completo...
2026-06-12T11:28:31.178Z [status] Subiendo imagenes...
2026-06-12T11:28:33.413Z [status] Continuando despues de las fotos...
2026-06-12T11:28:35.190Z [status] Seleccionando la categoria...
2026-06-12T11:28:36.091Z [status] He dejado el navegador abierto para que puedas revisar el punto exacto donde fallo.
2026-06-12T11:32:11.423Z [renderer:2] %cElectron Security Warning (Insecure Content-Security-Policy) font-weight: bold; This renderer process has either no Content Security
  Policy set or a policy with "unsafe-eval" enabled. This exposes users of
  this app to unnecessary security risks.

For more information and help, consult
https://electronjs.org/docs/tutorial/security.
This warning will not show up
once the app is packaged.
2026-06-12T11:32:11.424Z [diagnostics] {"href":"file:///C:/Users/Usuario/Desktop/script%20vinted-wallapop/ui/index.html","hasDesktopApp":true,"hasStatusBox":true,"scriptCount":1}
2026-06-12T11:32:47.714Z [status] Abriendo la pagina de subida de Wallapop...
2026-06-12T11:32:52.472Z [status] Seleccionando 'Algo que ya no necesito'...
2026-06-12T11:32:54.233Z [status] Rellenando el resumen inicial...
2026-06-12T11:32:58.393Z [status] Continuando al formulario completo...
2026-06-12T11:32:58.595Z [status] Subiendo imagenes...
2026-06-12T11:33:02.271Z [status] Continuando despues de las fotos...
2026-06-12T11:33:04.013Z [status] Seleccionando la categoria...
2026-06-12T11:33:09.210Z [status] Rellenando informacion del producto...
2026-06-12T11:33:09.312Z [status] He dejado el navegador abierto para que puedas revisar el punto exacto donde fallo.
2026-06-12T11:35:09.741Z [renderer:2] %cElectron Security Warning (Insecure Content-Security-Policy) font-weight: bold; This renderer process has either no Content Security
  Policy set or a policy with "unsafe-eval" enabled. This exposes users of
  this app to unnecessary security risks.

For more information and help, consult
https://electronjs.org/docs/tutorial/security.
This warning will not show up
once the app is packaged.
2026-06-12T11:35:09.742Z [diagnostics] {"href":"file:///C:/Users/Usuario/Desktop/script%20vinted-wallapop/ui/index.html","hasDesktopApp":true,"hasStatusBox":true,"scriptCount":1}
2026-06-12T11:35:47.832Z [status] Abriendo la pagina de subida de Wallapop...
2026-06-12T11:35:52.411Z [status] Seleccionando 'Algo que ya no necesito'...
2026-06-12T11:35:54.203Z [status] Rellenando el resumen inicial...
2026-06-12T11:35:58.350Z [status] Continuando al formulario completo...
2026-06-12T11:35:58.609Z [status] Subiendo imagenes...
2026-06-12T11:36:02.305Z [status] Continuando despues de las fotos...
2026-06-12T11:36:04.029Z [status] Seleccionando la categoria...
2026-06-12T11:36:05.068Z [status] Rellenando informacion del producto...
2026-06-12T11:36:05.100Z [status] He dejado el navegador abierto para que puedas revisar el punto exacto donde fallo.
2026-06-12T11:56:59.428Z [renderer:2] %cElectron Security Warning (Insecure Content-Security-Policy) font-weight: bold; This renderer process has either no Content Security
  Policy set or a policy with "unsafe-eval" enabled. This exposes users of
  this app to unnecessary security risks.

For more information and help, consult
https://electronjs.org/docs/tutorial/security.
This warning will not show up
once the app is packaged.
2026-06-12T11:56:59.429Z [diagnostics] {"href":"file:///C:/Users/Usuario/Desktop/script%20vinted-wallapop/ui/index.html","hasDesktopApp":true,"hasStatusBox":true,"scriptCount":1}
2026-06-12T12:00:02.690Z [status] Abriendo la pagina de subida de Wallapop...
2026-06-12T12:00:07.476Z [status] Seleccionando 'Algo que ya no necesito'...
2026-06-12T12:00:09.233Z [status] Rellenando el resumen inicial...
2026-06-12T12:00:13.634Z [status] Continuando al formulario completo...
2026-06-12T12:00:13.865Z [status] Subiendo imagenes...
2026-06-12T12:00:17.583Z [status] Continuando despues de las fotos...
2026-06-12T12:00:19.306Z [status] Seleccionando la categoria...
2026-06-12T12:00:19.354Z [status] He dejado el navegador abierto para que puedas revisar el punto exacto donde fallo.
2026-06-12T12:01:21.259Z [renderer:2] %cElectron Security Warning (Insecure Content-Security-Policy) font-weight: bold; This renderer process has either no Content Security
  Policy set or a policy with "unsafe-eval" enabled. This exposes users of
  this app to unnecessary security risks.

For more information and help, consult
https://electronjs.org/docs/tutorial/security.
This warning will not show up
once the app is packaged.
2026-06-12T12:01:21.260Z [diagnostics] {"href":"file:///C:/Users/Usuario/Desktop/script%20vinted-wallapop/ui/index.html","hasDesktopApp":true,"hasStatusBox":true,"scriptCount":1}
2026-06-12T12:01:53.867Z [status] Abriendo la pagina de subida de Wallapop...
2026-06-12T12:01:58.381Z [status] Seleccionando 'Algo que ya no necesito'...
2026-06-12T12:02:00.132Z [status] Rellenando el resumen inicial...
2026-06-12T12:02:04.604Z [status] Continuando al formulario completo...
2026-06-12T12:02:04.805Z [status] Subiendo imagenes...
2026-06-12T12:02:08.524Z [status] Continuando despues de las fotos...
2026-06-12T12:02:10.275Z [status] Seleccionando la categoria...
2026-06-12T12:02:10.367Z [status] He dejado el navegador abierto para que puedas revisar el punto exacto donde fallo.
2026-06-12T12:03:18.657Z [renderer:2] %cElectron Security Warning (Insecure Content-Security-Policy) font-weight: bold; This renderer process has either no Content Security
  Policy set or a policy with "unsafe-eval" enabled. This exposes users of
  this app to unnecessary security risks.

For more information and help, consult
https://electronjs.org/docs/tutorial/security.
This warning will not show up
once the app is packaged.
2026-06-12T12:03:18.659Z [diagnostics] {"href":"file:///C:/Users/Usuario/Desktop/script%20vinted-wallapop/ui/index.html","hasDesktopApp":true,"hasStatusBox":true,"scriptCount":1}
2026-06-12T12:03:55.485Z [status] Abriendo la pagina de subida de Wallapop...
2026-06-12T12:04:00.116Z [status] Seleccionando 'Algo que ya no necesito'...
2026-06-12T12:04:01.856Z [status] Rellenando el resumen inicial...
2026-06-12T12:04:06.326Z [status] Continuando al formulario completo...
2026-06-12T12:04:06.542Z [status] Subiendo imagenes...
2026-06-12T12:04:10.228Z [status] Continuando despues de las fotos...
2026-06-12T12:04:11.963Z [status] Seleccionando la categoria...
2026-06-12T12:04:13.489Z [status] Rellenando informacion del producto...
2026-06-12T12:04:13.583Z [status] Seleccionando el peso del envio...
2026-06-12T12:04:13.596Z [status] He dejado el navegador abierto para que puedas revisar el punto exacto donde fallo.
2026-06-12T12:05:04.100Z [renderer:2] %cElectron Security Warning (Insecure Content-Security-Policy) font-weight: bold; This renderer process has either no Content Security
  Policy set or a policy with "unsafe-eval" enabled. This exposes users of
  this app to unnecessary security risks.

For more information and help, consult
https://electronjs.org/docs/tutorial/security.
This warning will not show up
once the app is packaged.
2026-06-12T12:05:04.101Z [diagnostics] {"href":"file:///C:/Users/Usuario/Desktop/script%20vinted-wallapop/ui/index.html","hasDesktopApp":true,"hasStatusBox":true,"scriptCount":1}
2026-06-12T12:05:28.349Z [status] Abriendo la pagina de subida de Wallapop...
2026-06-12T12:05:33.160Z [status] Seleccionando 'Algo que ya no necesito'...
2026-06-12T12:05:34.974Z [status] Rellenando el resumen inicial...
2026-06-12T12:05:39.254Z [status] Continuando al formulario completo...
2026-06-12T12:05:39.473Z [status] Subiendo imagenes...
2026-06-12T12:05:43.221Z [status] Continuando despues de las fotos...
2026-06-12T12:05:44.958Z [status] Seleccionando la categoria...
2026-06-12T12:05:51.534Z [status] Rellenando informacion del producto...
2026-06-12T12:05:51.626Z [status] Seleccionando el peso del envio...
2026-06-12T12:05:51.641Z [status] He dejado el navegador abierto para que puedas revisar el punto exacto donde fallo.
2026-06-12T12:07:54.136Z [renderer:2] %cElectron Security Warning (Insecure Content-Security-Policy) font-weight: bold; This renderer process has either no Content Security
  Policy set or a policy with "unsafe-eval" enabled. This exposes users of
  this app to unnecessary security risks.

For more information and help, consult
https://electronjs.org/docs/tutorial/security.
This warning will not show up
once the app is packaged.
2026-06-12T12:07:54.137Z [diagnostics] {"href":"file:///C:/Users/Usuario/Desktop/script%20vinted-wallapop/ui/index.html","hasDesktopApp":true,"hasStatusBox":true,"scriptCount":1}
2026-06-12T12:08:56.238Z [status] Abriendo la pagina de subida de Wallapop...
2026-06-12T12:09:00.835Z [status] Seleccionando 'Algo que ya no necesito'...
2026-06-12T12:09:02.590Z [status] Rellenando el resumen inicial...
2026-06-12T12:09:06.986Z [status] Continuando al formulario completo...
2026-06-12T12:09:07.214Z [status] Subiendo imagenes...
2026-06-12T12:09:10.933Z [status] Continuando despues de las fotos...
2026-06-12T12:09:12.686Z [status] Seleccionando la categoria...
2026-06-12T12:09:19.380Z [status] Esperando a que carguen los detalles del producto...
2026-06-12T12:09:20.627Z [status] Rellenando informacion del producto...
2026-06-12T12:09:21.662Z [status] Seleccionando el peso del envio...
2026-06-12T12:09:21.694Z [status] He dejado el navegador abierto para que puedas revisar el punto exacto donde fallo.
2026-06-12T12:12:11.577Z [renderer:2] %cElectron Security Warning (Insecure Content-Security-Policy) font-weight: bold; This renderer process has either no Content Security
  Policy set or a policy with "unsafe-eval" enabled. This exposes users of
  this app to unnecessary security risks.

For more information and help, consult
https://electronjs.org/docs/tutorial/security.
This warning will not show up
once the app is packaged.
2026-06-12T12:12:11.578Z [diagnostics] {"href":"file:///C:/Users/Usuario/Desktop/script%20vinted-wallapop/ui/index.html","hasDesktopApp":true,"hasStatusBox":true,"scriptCount":1}
2026-06-12T12:12:40.046Z [status] Abriendo la pagina de subida de Wallapop...
2026-06-12T12:12:44.728Z [status] Seleccionando 'Algo que ya no necesito'...
2026-06-12T12:12:46.525Z [status] Rellenando el resumen inicial...
2026-06-12T12:12:50.953Z [status] Continuando al formulario completo...
2026-06-12T12:12:51.170Z [status] Subiendo imagenes...
2026-06-12T12:12:53.415Z [status] Continuando despues de las fotos...
2026-06-12T12:12:55.186Z [status] Seleccionando la categoria...
2026-06-12T12:13:01.924Z [status] Esperando a que carguen los detalles del producto...
2026-06-12T12:13:03.179Z [status] Rellenando informacion del producto...
2026-06-12T12:13:04.423Z [status] Seleccionando el peso del envio...
2026-06-12T12:13:06.244Z [status] Formulario completado. He dejado el navegador abierto para que revises el anuncio antes de publicarlo.
2026-06-12T12:17:22.121Z [renderer:2] %cElectron Security Warning (Insecure Content-Security-Policy) font-weight: bold; This renderer process has either no Content Security
  Policy set or a policy with "unsafe-eval" enabled. This exposes users of
  this app to unnecessary security risks.

For more information and help, consult
https://electronjs.org/docs/tutorial/security.
This warning will not show up
once the app is packaged.
2026-06-12T12:17:22.122Z [diagnostics] {"href":"file:///C:/Users/Usuario/Desktop/script%20vinted-wallapop/ui/index.html","hasDesktopApp":true,"hasStatusBox":true,"scriptCount":1}
2026-06-12T12:18:06.020Z [status] Abriendo la pagina de subida de Wallapop...
2026-06-12T12:18:10.906Z [status] Seleccionando 'Algo que ya no necesito'...
2026-06-12T12:18:12.639Z [status] Rellenando el resumen inicial...
2026-06-12T12:18:16.920Z [status] Continuando al formulario completo...
2026-06-12T12:18:17.138Z [status] Subiendo imagenes...
2026-06-12T12:18:20.868Z [status] Continuando despues de las fotos...
2026-06-12T12:18:22.617Z [status] Seleccionando la categoria...
2026-06-12T12:18:29.240Z [status] Esperando a que carguen los detalles del producto...
2026-06-12T12:18:30.496Z [status] Rellenando informacion del producto...
2026-06-12T12:18:31.328Z [status] Seleccionando el peso del envio...
2026-06-12T12:18:31.632Z [status] Formulario completado. He dejado el navegador abierto para que revises el anuncio antes de publicarlo.
2026-06-12T12:19:46.687Z [renderer:2] %cElectron Security Warning (Insecure Content-Security-Policy) font-weight: bold; This renderer process has either no Content Security
  Policy set or a policy with "unsafe-eval" enabled. This exposes users of
  this app to unnecessary security risks.

For more information and help, consult
https://electronjs.org/docs/tutorial/security.
This warning will not show up
once the app is packaged.
2026-06-12T12:19:46.688Z [diagnostics] {"href":"file:///C:/Users/Usuario/Desktop/script%20vinted-wallapop/ui/index.html","hasDesktopApp":true,"hasStatusBox":true,"scriptCount":1}
2026-06-12T12:20:28.033Z [status] Abriendo la pagina de subida de Wallapop...
2026-06-12T12:20:32.575Z [status] Seleccionando 'Algo que ya no necesito'...
2026-06-12T12:20:34.341Z [status] Rellenando el resumen inicial...
2026-06-12T12:20:38.807Z [status] Continuando al formulario completo...
2026-06-12T12:20:39.070Z [status] Subiendo imagenes...
2026-06-12T12:20:42.796Z [status] Continuando despues de las fotos...
2026-06-12T12:20:44.543Z [status] Seleccionando la categoria...
2026-06-12T12:20:44.609Z [status] He dejado el navegador abierto para que puedas revisar el punto exacto donde fallo.
2026-06-12T12:22:01.609Z [renderer:2] %cElectron Security Warning (Insecure Content-Security-Policy) font-weight: bold; This renderer process has either no Content Security
  Policy set or a policy with "unsafe-eval" enabled. This exposes users of
  this app to unnecessary security risks.

For more information and help, consult
https://electronjs.org/docs/tutorial/security.
This warning will not show up
once the app is packaged.
2026-06-12T12:22:01.610Z [diagnostics] {"href":"file:///C:/Users/Usuario/Desktop/script%20vinted-wallapop/ui/index.html","hasDesktopApp":true,"hasStatusBox":true,"scriptCount":1}
2026-06-12T12:22:24.498Z [status] Abriendo la pagina de subida de Wallapop...
2026-06-12T12:22:29.212Z [status] Seleccionando 'Algo que ya no necesito'...
2026-06-12T12:22:30.982Z [status] Rellenando el resumen inicial...
2026-06-12T12:22:35.452Z [status] Continuando al formulario completo...
2026-06-12T12:22:35.661Z [status] Subiendo imagenes...
2026-06-12T12:22:37.914Z [status] Continuando despues de las fotos...
2026-06-12T12:22:39.637Z [status] Seleccionando la categoria...
2026-06-12T12:22:46.290Z [status] Esperando a que carguen los detalles del producto...
2026-06-12T12:22:47.546Z [status] Rellenando informacion del producto...
2026-06-12T12:22:48.650Z [status] Seleccionando el peso del envio...
2026-06-12T12:22:48.943Z [status] Formulario completado. He dejado el navegador abierto para que revises el anuncio antes de publicarlo.
2026-06-12T12:24:00.269Z [renderer:2] %cElectron Security Warning (Insecure Content-Security-Policy) font-weight: bold; This renderer process has either no Content Security
  Policy set or a policy with "unsafe-eval" enabled. This exposes users of
  this app to unnecessary security risks.

For more information and help, consult
https://electronjs.org/docs/tutorial/security.
This warning will not show up
once the app is packaged.
2026-06-12T12:24:00.270Z [diagnostics] {"href":"file:///C:/Users/Usuario/Desktop/script%20vinted-wallapop/ui/index.html","hasDesktopApp":true,"hasStatusBox":true,"scriptCount":1}
2026-06-12T12:24:39.578Z [status] Abriendo la pagina de subida de Wallapop...
2026-06-12T12:24:44.800Z [status] Seleccionando 'Algo que ya no necesito'...
2026-06-12T12:24:46.523Z [status] Rellenando el resumen inicial...
2026-06-12T12:24:50.956Z [status] Continuando al formulario completo...
2026-06-12T12:24:51.174Z [status] Subiendo imagenes...
2026-06-12T12:24:54.887Z [status] Continuando despues de las fotos...
2026-06-12T12:24:56.625Z [status] Seleccionando la categoria...
2026-06-12T12:25:03.297Z [status] Esperando a que carguen los detalles del producto...
2026-06-12T12:25:04.555Z [status] Rellenando informacion del producto...
2026-06-12T12:25:05.301Z [status] Seleccionando el peso del envio...
2026-06-12T12:25:05.595Z [status] Formulario completado. He dejado el navegador abierto para que revises el anuncio antes de publicarlo.
2026-06-12T12:27:31.949Z [renderer:2] %cElectron Security Warning (Insecure Content-Security-Policy) font-weight: bold; This renderer process has either no Content Security
  Policy set or a policy with "unsafe-eval" enabled. This exposes users of
  this app to unnecessary security risks.

For more information and help, consult
https://electronjs.org/docs/tutorial/security.
This warning will not show up
once the app is packaged.
2026-06-12T12:27:31.949Z [diagnostics] {"href":"file:///C:/Users/Usuario/Desktop/script%20vinted-wallapop/ui/index.html","hasDesktopApp":true,"hasStatusBox":true,"scriptCount":1}
2026-06-12T12:28:12.124Z [status] Abriendo la pagina de subida de Wallapop...
2026-06-12T12:28:16.961Z [status] Seleccionando 'Algo que ya no necesito'...
2026-06-12T12:28:18.693Z [status] Rellenando el resumen inicial...
2026-06-12T12:28:23.063Z [status] Continuando al formulario completo...
2026-06-12T12:28:23.313Z [status] Subiendo imagenes...
2026-06-12T12:28:25.558Z [status] Continuando despues de las fotos...
2026-06-12T12:28:27.327Z [status] Seleccionando la categoria...
2026-06-12T12:28:33.996Z [status] Esperando a que carguen los detalles del producto...
2026-06-12T12:28:35.248Z [status] Rellenando informacion del producto...
2026-06-12T12:28:38.408Z [status] Seleccionando el peso del envio...
2026-06-12T12:28:38.625Z [status] Formulario completado. He dejado el navegador abierto para que revises el anuncio antes de publicarlo.
2026-06-12T12:35:30.086Z [renderer:2] %cElectron Security Warning (Insecure Content-Security-Policy) font-weight: bold; This renderer process has either no Content Security
  Policy set or a policy with "unsafe-eval" enabled. This exposes users of
  this app to unnecessary security risks.

For more information and help, consult
https://electronjs.org/docs/tutorial/security.
This warning will not show up
once the app is packaged.
2026-06-12T12:35:30.087Z [diagnostics] {"href":"file:///C:/Users/Usuario/Desktop/script%20vinted-wallapop/ui/index.html","hasDesktopApp":true,"hasStatusBox":true,"scriptCount":1}
2026-06-12T12:35:36.584Z [status] Abriendo Wallapop para iniciar sesion...
2026-06-12T12:35:37.828Z [status] Inicia sesion manualmente en el navegador. Cuando cierres esa ventana, la sesion quedara guardada.
2026-06-12T12:35:41.527Z [status] Abriendo Vinted para iniciar sesión...
2026-06-12T12:35:43.227Z [status] Inicia sesión manualmente en Vinted y cierra esa ventana cuando termines.
2026-06-12T12:35:44.951Z [status] Sesion de Wallapop guardada.
2026-06-12T12:35:56.615Z [status] Abriendo Wallapop para iniciar sesion...
2026-06-12T12:35:57.814Z [status] Inicia sesion manualmente en el navegador. Cuando cierres esa ventana, la sesion quedara guardada.
2026-06-12T12:36:26.899Z [status] Sesion de Wallapop guardada.
2026-06-12T12:38:08.779Z [status] Abriendo la pagina de subida de Wallapop...
2026-06-12T12:38:13.600Z [status] Seleccionando 'Algo que ya no necesito'...
2026-06-12T12:38:15.372Z [status] Rellenando el resumen inicial...
2026-06-12T12:38:19.802Z [status] Continuando al formulario completo...
2026-06-12T12:38:19.997Z [status] Subiendo imagenes...
2026-06-12T12:38:23.731Z [status] Continuando despues de las fotos...
2026-06-12T12:38:25.461Z [status] Seleccionando la categoria...
2026-06-12T12:38:32.172Z [status] Esperando a que carguen los detalles del producto...
2026-06-12T12:38:33.429Z [status] Rellenando informacion del producto...
2026-06-12T12:38:36.219Z [status] Seleccionando el peso del envio...
2026-06-12T12:38:36.388Z [status] Formulario completado. He dejado el navegador abierto para que revises el anuncio antes de publicarlo.
2026-06-12T12:38:36.498Z [status] Sesión de Vinted guardada.
2026-06-12T12:38:37.198Z [status] Abriendo Vinted para subir el artículo...
2026-06-12T12:38:38.671Z [status] Subiendo fotos en Vinted...
2026-06-12T12:38:38.781Z [status] He dejado Vinted abierto para que revises el punto exacto del fallo.
2026-06-12T12:40:42.983Z [renderer:2] %cElectron Security Warning (Insecure Content-Security-Policy) font-weight: bold; This renderer process has either no Content Security
  Policy set or a policy with "unsafe-eval" enabled. This exposes users of
  this app to unnecessary security risks.

For more information and help, consult
https://electronjs.org/docs/tutorial/security.
This warning will not show up
once the app is packaged.
2026-06-12T12:40:42.984Z [diagnostics] {"href":"file:///C:/Users/Usuario/Desktop/script%20vinted-wallapop/ui/index.html","hasDesktopApp":true,"hasStatusBox":true,"scriptCount":1}
2026-06-12T12:41:25.497Z [status] Abriendo Vinted para subir el artículo...
2026-06-12T12:41:26.678Z [status] Subiendo fotos en Vinted...
2026-06-12T12:41:26.826Z [status] He dejado Vinted abierto para que revises el punto exacto del fallo.
2026-06-12T12:41:37.050Z [status] Abriendo Vinted para subir el artículo...
2026-06-12T12:41:39.269Z [status] Subiendo fotos en Vinted...
2026-06-12T12:41:39.425Z [status] He dejado Vinted abierto para que revises el punto exacto del fallo.
2026-06-12T12:43:01.305Z [renderer:2] %cElectron Security Warning (Insecure Content-Security-Policy) font-weight: bold; This renderer process has either no Content Security
  Policy set or a policy with "unsafe-eval" enabled. This exposes users of
  this app to unnecessary security risks.

For more information and help, consult
https://electronjs.org/docs/tutorial/security.
This warning will not show up
once the app is packaged.
2026-06-12T12:43:01.306Z [diagnostics] {"href":"file:///C:/Users/Usuario/Desktop/script%20vinted-wallapop/ui/index.html","hasDesktopApp":true,"hasStatusBox":true,"scriptCount":1}
2026-06-12T12:43:26.289Z [status] Abriendo Vinted para subir el artículo...
2026-06-12T12:43:27.755Z [status] Subiendo fotos en Vinted...
2026-06-12T12:43:27.959Z [status] He dejado Vinted abierto para que revises el punto exacto del fallo.
2026-06-12T12:44:32.745Z [renderer:2] %cElectron Security Warning (Insecure Content-Security-Policy) font-weight: bold; This renderer process has either no Content Security
  Policy set or a policy with "unsafe-eval" enabled. This exposes users of
  this app to unnecessary security risks.

For more information and help, consult
https://electronjs.org/docs/tutorial/security.
This warning will not show up
once the app is packaged.
2026-06-12T12:44:32.746Z [diagnostics] {"href":"file:///C:/Users/Usuario/Desktop/script%20vinted-wallapop/ui/index.html","hasDesktopApp":true,"hasStatusBox":true,"scriptCount":1}
2026-06-12T12:45:08.388Z [status] Abriendo Vinted para subir el artículo...
2026-06-12T12:45:12.996Z [status] Subiendo fotos en Vinted...
2026-06-12T12:45:14.698Z [status] Rellenando título en Vinted...
2026-06-12T12:45:17.250Z [status] Rellenando descripción en Vinted...
2026-06-12T12:45:43.997Z [status] Seleccionando categoría en Vinted...
2026-06-12T12:45:46.600Z [status] Seleccionando estado en Vinted...
2026-06-12T12:45:47.293Z [status] Rellenando precio en Vinted...
2026-06-12T12:45:47.823Z [status] Formulario de Vinted completado. He dejado la ventana abierta para revisión manual.
2026-06-12T12:50:09.460Z [renderer:2] %cElectron Security Warning (Insecure Content-Security-Policy) font-weight: bold; This renderer process has either no Content Security
  Policy set or a policy with "unsafe-eval" enabled. This exposes users of
  this app to unnecessary security risks.

For more information and help, consult
https://electronjs.org/docs/tutorial/security.
This warning will not show up
once the app is packaged.
2026-06-12T12:50:09.461Z [diagnostics] {"href":"file:///C:/Users/Usuario/Desktop/script%20vinted-wallapop/ui/index.html","hasDesktopApp":true,"hasStatusBox":true,"scriptCount":1}
2026-06-12T12:50:41.320Z [status] Abriendo Vinted para subir el artículo...
2026-06-12T12:50:42.981Z [status] Subiendo fotos en Vinted...
2026-06-12T12:50:43.245Z [status] He dejado Vinted abierto para que revises el punto exacto del fallo.
2026-06-12T12:51:56.585Z [renderer:2] %cElectron Security Warning (Insecure Content-Security-Policy) font-weight: bold; This renderer process has either no Content Security
  Policy set or a policy with "unsafe-eval" enabled. This exposes users of
  this app to unnecessary security risks.

For more information and help, consult
https://electronjs.org/docs/tutorial/security.
This warning will not show up
once the app is packaged.
2026-06-12T12:51:56.586Z [diagnostics] {"href":"file:///C:/Users/Usuario/Desktop/script%20vinted-wallapop/ui/index.html","hasDesktopApp":true,"hasStatusBox":true,"scriptCount":1}
2026-06-12T12:52:30.318Z [status] Abriendo Vinted para subir el artículo...
2026-06-12T12:52:31.766Z [status] Subiendo fotos en Vinted...
2026-06-12T12:52:32.315Z [status] He dejado Vinted abierto para que revises el punto exacto del fallo.
2026-06-12T12:53:28.851Z [renderer:2] %cElectron Security Warning (Insecure Content-Security-Policy) font-weight: bold; This renderer process has either no Content Security
  Policy set or a policy with "unsafe-eval" enabled. This exposes users of
  this app to unnecessary security risks.

For more information and help, consult
https://electronjs.org/docs/tutorial/security.
This warning will not show up
once the app is packaged.
2026-06-12T12:53:28.852Z [diagnostics] {"href":"file:///C:/Users/Usuario/Desktop/script%20vinted-wallapop/ui/index.html","hasDesktopApp":true,"hasStatusBox":true,"scriptCount":1}
2026-06-12T12:53:55.974Z [status] Abriendo Vinted para subir el artículo...
2026-06-12T12:53:57.407Z [status] Subiendo fotos en Vinted...
2026-06-12T12:53:57.408Z [vinted] Iniciando subida de fotos.
2026-06-12T12:53:57.457Z [vinted] Selector .media-select__input-content input[type='file'] encontró 0 nodos.
2026-06-12T12:53:57.467Z [vinted] Selector .media-select input[type='file'] encontró 0 nodos.
2026-06-12T12:53:57.482Z [vinted] Selector [data-testid='dropzone'] input[type='file'] encontró 0 nodos.
2026-06-12T12:53:57.498Z [vinted] Selector [data-testid='media-upload-grid'] ~ .media-select__input input[type='file'] encontró 0 nodos.
2026-06-12T12:53:57.513Z [vinted] Selector [data-testid='media-select'] input[type='file'] encontró 0 nodos.
2026-06-12T12:53:57.529Z [vinted] Selector input[type='file'][multiple] encontró 0 nodos.
2026-06-12T12:53:57.545Z [vinted] Selector input[type='file'][accept*='image'] encontró 0 nodos.
2026-06-12T12:53:57.560Z [vinted] Selector input[type='file'] encontró 0 nodos.
2026-06-12T12:53:57.560Z [vinted] No hubo inputs útiles antes del click.
2026-06-12T12:53:57.685Z [vinted] No se encontró control de fotos utilizable.
2026-06-12T12:53:57.686Z [status] He dejado Vinted abierto para que revises el punto exacto del fallo.
2026-06-12T12:54:51.279Z [renderer:2] %cElectron Security Warning (Insecure Content-Security-Policy) font-weight: bold; This renderer process has either no Content Security
  Policy set or a policy with "unsafe-eval" enabled. This exposes users of
  this app to unnecessary security risks.

For more information and help, consult
https://electronjs.org/docs/tutorial/security.
This warning will not show up
once the app is packaged.
2026-06-12T12:54:51.281Z [diagnostics] {"href":"file:///C:/Users/Usuario/Desktop/script%20vinted-wallapop/ui/index.html","hasDesktopApp":true,"hasStatusBox":true,"scriptCount":1}
2026-06-12T12:55:09.753Z [status] Abriendo Vinted para subir el artículo...
2026-06-12T12:55:11.353Z [status] Subiendo fotos en Vinted...
2026-06-12T12:55:11.354Z [vinted] Iniciando subida de fotos.
2026-06-12T12:55:13.305Z [vinted] Selector .media-select__input-content input[type='file'] encontró 0 nodos.
2026-06-12T12:55:13.352Z [vinted] Selector .media-select input[type='file'] encontró 0 nodos.
2026-06-12T12:55:13.357Z [vinted] Selector [data-testid='dropzone'] input[type='file'] encontró 0 nodos.
2026-06-12T12:55:13.367Z [vinted] Selector [data-testid='media-upload-grid'] ~ .media-select__input input[type='file'] encontró 0 nodos.
2026-06-12T12:55:13.374Z [vinted] Selector [data-testid='media-select'] input[type='file'] encontró 0 nodos.
2026-06-12T12:55:13.394Z [vinted] Selector input[type='file'][multiple] encontró 1 nodos.
2026-06-12T12:55:13.494Z [vinted] setInputFiles correcto con selector input[type='file'][multiple] índice 0.
2026-06-12T12:55:15.008Z [status] Rellenando título en Vinted...
2026-06-12T12:55:17.477Z [status] Rellenando descripción en Vinted...
2026-06-12T12:55:20.369Z [status] Seleccionando categoría en Vinted...
2026-06-12T12:55:23.901Z [status] Seleccionando estado en Vinted...
2026-06-12T12:55:24.627Z [status] Rellenando precio en Vinted...
2026-06-12T12:55:25.200Z [status] Formulario de Vinted completado. He dejado la ventana abierta para revisión manual.
2026-06-12T13:00:50.360Z [renderer:2] %cElectron Security Warning (Insecure Content-Security-Policy) font-weight: bold; This renderer process has either no Content Security
  Policy set or a policy with "unsafe-eval" enabled. This exposes users of
  this app to unnecessary security risks.

For more information and help, consult
https://electronjs.org/docs/tutorial/security.
This warning will not show up
once the app is packaged.
2026-06-12T13:00:50.362Z [diagnostics] {"href":"file:///C:/Users/Usuario/Desktop/script%20vinted-wallapop/ui/index.html","hasDesktopApp":true,"hasStatusBox":true,"scriptCount":1}
2026-06-12T13:11:16.154Z [status] Abriendo Vinted para subir el artículo...
2026-06-12T13:11:18.237Z [status] Subiendo fotos en Vinted...
2026-06-12T13:11:18.237Z [vinted] Iniciando subida de fotos.
2026-06-12T13:11:20.508Z [vinted] Selector .media-select__input-content input[type='file'] encontró 0 nodos.
2026-06-12T13:11:20.514Z [vinted] Selector .media-select input[type='file'] encontró 0 nodos.
2026-06-12T13:11:20.523Z [vinted] Selector [data-testid='dropzone'] input[type='file'] encontró 0 nodos.
2026-06-12T13:11:20.533Z [vinted] Selector [data-testid='media-upload-grid'] ~ .media-select__input input[type='file'] encontró 0 nodos.
2026-06-12T13:11:20.540Z [vinted] Selector [data-testid='media-select'] input[type='file'] encontró 0 nodos.
2026-06-12T13:11:20.546Z [vinted] Selector input[type='file'][multiple] encontró 1 nodos.
2026-06-12T13:11:20.619Z [vinted] setInputFiles correcto con selector input[type='file'][multiple] índice 0.
2026-06-12T13:11:22.136Z [status] Rellenando título en Vinted...
2026-06-12T13:11:24.677Z [status] Rellenando descripción en Vinted...
2026-06-12T13:11:27.660Z [status] Seleccionando categoría en Vinted...
2026-06-12T13:11:31.170Z [status] Seleccionando plataforma en Vinted...
2026-06-12T13:11:31.171Z [status] Seleccionando clasificación en Vinted...
2026-06-12T13:11:31.869Z [status] Seleccionando estado en Vinted...
2026-06-12T13:11:32.532Z [status] Rellenando precio en Vinted...
2026-06-12T13:11:33.061Z [status] Formulario de Vinted completado. He dejado la ventana abierta para revisión manual.
2026-06-12T13:12:09.667Z [status] Abriendo Vinted para subir el artículo...
2026-06-12T13:12:10.948Z [status] Subiendo fotos en Vinted...
2026-06-12T13:12:10.948Z [vinted] Iniciando subida de fotos.
2026-06-12T13:12:13.803Z [vinted] Selector .media-select__input-content input[type='file'] encontró 0 nodos.
2026-06-12T13:12:13.845Z [vinted] Selector .media-select input[type='file'] encontró 0 nodos.
2026-06-12T13:12:14.017Z [vinted] Selector [data-testid='dropzone'] input[type='file'] encontró 0 nodos.
2026-06-12T13:12:14.268Z [vinted] Selector [data-testid='media-upload-grid'] ~ .media-select__input input[type='file'] encontró 0 nodos.
2026-06-12T13:12:14.513Z [vinted] Selector [data-testid='media-select'] input[type='file'] encontró 0 nodos.
2026-06-12T13:12:14.596Z [vinted] Selector input[type='file'][multiple] encontró 1 nodos.
2026-06-12T13:12:14.708Z [vinted] setInputFiles correcto con selector input[type='file'][multiple] índice 0.
2026-06-12T13:12:16.212Z [status] Rellenando título en Vinted...
2026-06-12T13:12:18.718Z [status] Rellenando descripción en Vinted...
2026-06-12T13:12:21.645Z [status] Seleccionando categoría en Vinted...
2026-06-12T13:12:25.172Z [status] Seleccionando plataforma en Vinted...
2026-06-12T13:12:57.938Z [status] Seleccionando clasificación en Vinted...
2026-06-12T13:12:58.621Z [status] Seleccionando estado en Vinted...
2026-06-12T13:12:59.309Z [status] Rellenando precio en Vinted...
2026-06-12T13:12:59.869Z [status] Formulario de Vinted completado. He dejado la ventana abierta para revisión manual.
2026-06-15T14:50:00.081Z [renderer:2] %cElectron Security Warning (Insecure Content-Security-Policy) font-weight: bold; This renderer process has either no Content Security
  Policy set or a policy with "unsafe-eval" enabled. This exposes users of
  this app to unnecessary security risks.

For more information and help, consult
https://electronjs.org/docs/tutorial/security.
This warning will not show up
once the app is packaged.
2026-06-15T14:50:00.082Z [diagnostics] {"href":"file:///C:/laragon/www/programa-subidas/script%20vinted-wallapop/ui/index.html","hasDesktopApp":true,"hasStatusBox":true,"scriptCount":1}
2026-06-15T14:52:59.947Z [status] Abriendo Vinted para subir el artículo...
2026-06-15T14:53:02.255Z [status] Subiendo fotos en Vinted...
2026-06-15T14:53:02.256Z [vinted] Iniciando subida de fotos.
2026-06-15T14:53:15.484Z [vinted] Selector .media-select__input-content input[type='file'] encontró 0 nodos.
2026-06-15T14:53:15.499Z [vinted] Selector .media-select input[type='file'] encontró 0 nodos.
2026-06-15T14:53:15.515Z [vinted] Selector [data-testid='dropzone'] input[type='file'] encontró 0 nodos.
2026-06-15T14:53:15.530Z [vinted] Selector [data-testid='media-upload-grid'] ~ .media-select__input input[type='file'] encontró 0 nodos.
2026-06-15T14:53:15.545Z [vinted] Selector [data-testid='media-select'] input[type='file'] encontró 0 nodos.
2026-06-15T14:53:15.560Z [vinted] Selector input[type='file'][multiple] encontró 0 nodos.
2026-06-15T14:53:15.576Z [vinted] Selector input[type='file'][accept*='image'] encontró 0 nodos.
2026-06-15T14:53:15.591Z [vinted] Selector input[type='file'] encontró 0 nodos.
2026-06-15T14:53:15.592Z [vinted] No hubo inputs útiles antes del click.
2026-06-15T14:53:15.761Z [vinted] Numero de botones encontrados en dropzone/media-select: 0.
2026-06-15T14:53:15.792Z [vinted] No se encontró control de fotos utilizable.
2026-06-15T14:53:15.792Z [status] He dejado Vinted abierto para que revises el punto exacto del fallo.
2026-06-15T14:53:33.184Z [status] Abriendo Vinted para iniciar sesión...
2026-06-15T14:53:34.386Z [status] Inicia sesión manualmente en Vinted y cierra esa ventana cuando termines.
2026-06-15T14:56:38.079Z [status] Sesión de Vinted guardada.
2026-06-15T14:56:41.318Z [status] Abriendo Vinted para subir el artículo...
2026-06-15T14:56:44.477Z [status] Subiendo fotos en Vinted...
2026-06-15T14:56:44.477Z [vinted] Iniciando subida de fotos.
2026-06-15T14:56:45.760Z [vinted] Selector .media-select__input-content input[type='file'] encontró 0 nodos.
2026-06-15T14:56:45.775Z [vinted] Selector .media-select input[type='file'] encontró 0 nodos.
2026-06-15T14:56:45.791Z [vinted] Selector [data-testid='dropzone'] input[type='file'] encontró 0 nodos.
2026-06-15T14:56:45.807Z [vinted] Selector [data-testid='media-upload-grid'] ~ .media-select__input input[type='file'] encontró 0 nodos.
2026-06-15T14:56:45.822Z [vinted] Selector [data-testid='media-select'] input[type='file'] encontró 0 nodos.
2026-06-15T14:56:45.828Z [vinted] Selector input[type='file'][multiple] encontró 1 nodos.
2026-06-15T14:56:45.930Z [vinted] setInputFiles correcto con selector input[type='file'][multiple] índice 0.
2026-06-15T14:56:47.440Z [status] Rellenando título en Vinted...
2026-06-15T14:56:48.090Z [status] Rellenando descripción en Vinted...
2026-06-15T14:56:49.246Z [status] Seleccionando categoría en Vinted...
2026-06-15T14:56:52.832Z [status] Seleccionando plataforma en Vinted...
2026-06-15T14:57:25.713Z [status] Seleccionando clasificación en Vinted...
2026-06-15T14:57:26.486Z [status] Seleccionando estado en Vinted...
2026-06-15T14:57:27.226Z [status] Rellenando precio en Vinted...
2026-06-15T14:57:27.813Z [status] Formulario de Vinted completado. He dejado la ventana abierta para revisión manual.
2026-06-15T16:41:32.510Z [renderer:2] %cElectron Security Warning (Insecure Content-Security-Policy) font-weight: bold; This renderer process has either no Content Security
  Policy set or a policy with "unsafe-eval" enabled. This exposes users of
  this app to unnecessary security risks.

For more information and help, consult
https://electronjs.org/docs/tutorial/security.
This warning will not show up
once the app is packaged.
2026-06-15T16:41:32.511Z [diagnostics] {"href":"file:///C:/laragon/www/programa-subidas/script%20vinted-wallapop/ui/index.html","hasDesktopApp":true,"hasStatusBox":true,"scriptCount":1}
2026-06-15T16:43:18.721Z [status] Abriendo Vinted para subir el artículo...
2026-06-15T16:43:20.007Z [status] Subiendo fotos en Vinted...
2026-06-15T16:43:20.007Z [vinted] Iniciando subida de fotos.
2026-06-15T16:43:21.820Z [vinted] Selector .media-select__input-content input[type='file'] encontró 0 nodos.
2026-06-15T16:43:21.855Z [vinted] Selector .media-select input[type='file'] encontró 0 nodos.
2026-06-15T16:43:21.870Z [vinted] Selector [data-testid='dropzone'] input[type='file'] encontró 0 nodos.
2026-06-15T16:43:21.899Z [vinted] Selector [data-testid='media-upload-grid'] ~ .media-select__input input[type='file'] encontró 0 nodos.
2026-06-15T16:43:21.932Z [vinted] Selector [data-testid='media-select'] input[type='file'] encontró 0 nodos.
2026-06-15T16:43:21.988Z [vinted] Selector input[type='file'][multiple] encontró 1 nodos.
2026-06-15T16:43:22.040Z [vinted] setInputFiles correcto con selector input[type='file'][multiple] índice 0.
2026-06-15T16:43:23.546Z [status] Rellenando título en Vinted...
2026-06-15T16:43:25.421Z [status] Rellenando descripción en Vinted...
2026-06-15T16:43:27.853Z [status] Seleccionando categoría en Vinted...
2026-06-15T16:43:31.463Z [status] Seleccionando plataforma en Vinted...
2026-06-15T16:44:04.384Z [status] He dejado Vinted abierto para que revises el punto exacto del fallo.
2026-06-15T16:46:43.052Z [renderer:2] %cElectron Security Warning (Insecure Content-Security-Policy) font-weight: bold; This renderer process has either no Content Security
  Policy set or a policy with "unsafe-eval" enabled. This exposes users of
  this app to unnecessary security risks.

For more information and help, consult
https://electronjs.org/docs/tutorial/security.
This warning will not show up
once the app is packaged.
2026-06-15T16:46:43.053Z [diagnostics] {"href":"file:///C:/laragon/www/programa-subidas/script%20vinted-wallapop/ui/index.html","hasDesktopApp":true,"hasStatusBox":true,"scriptCount":1}
2026-06-15T17:20:08.343Z [renderer:2] %cElectron Security Warning (Insecure Content-Security-Policy) font-weight: bold; This renderer process has either no Content Security
  Policy set or a policy with "unsafe-eval" enabled. This exposes users of
  this app to unnecessary security risks.

For more information and help, consult
https://electronjs.org/docs/tutorial/security.
This warning will not show up
once the app is packaged.
2026-06-15T17:20:08.344Z [diagnostics] {"href":"file:///C:/laragon/www/programa-subidas/script%20vinted-wallapop/ui/index.html","hasDesktopApp":true,"hasStatusBox":true,"scriptCount":1}
2026-06-15T17:21:07.367Z [status] Abriendo Wallapop para iniciar sesion...
2026-06-15T17:21:08.410Z [status] Inicia sesion manualmente en el navegador. Cuando cierres esa ventana, la sesion quedara guardada.
2026-06-15T17:23:24.589Z [status] Sesion de Wallapop guardada.
2026-06-15T17:23:35.456Z [status] Abriendo la pagina de subida de Wallapop...
2026-06-15T17:23:39.813Z [status] Seleccionando 'Algo que ya no necesito'...
2026-06-15T17:23:41.530Z [status] Rellenando el resumen inicial...
2026-06-15T17:23:44.672Z [status] Continuando al formulario completo...
2026-06-15T17:23:44.889Z [status] Subiendo imagenes...
2026-06-15T17:23:48.637Z [status] Continuando despues de las fotos...
2026-06-15T17:23:50.397Z [status] Seleccionando la categoria...
2026-06-15T17:23:57.037Z [status] Esperando a que carguen los detalles del producto...
2026-06-15T17:23:58.292Z [status] Rellenando informacion del producto...
2026-06-15T17:24:01.292Z [status] Seleccionando el peso del envio...
2026-06-15T17:24:01.509Z [status] Formulario completado. He dejado el navegador abierto para que revises el anuncio antes de publicarlo.
2026-06-15T17:24:02.174Z [status] Abriendo Vinted para subir el artículo...
2026-06-15T17:24:02.962Z [status] Subiendo fotos en Vinted...
2026-06-15T17:24:02.963Z [vinted] Iniciando subida de fotos.
2026-06-15T17:24:11.251Z [vinted] Selector .media-select__input-content input[type='file'] encontró 0 nodos.
2026-06-15T17:24:11.266Z [vinted] Selector .media-select input[type='file'] encontró 0 nodos.
2026-06-15T17:24:11.281Z [vinted] Selector [data-testid='dropzone'] input[type='file'] encontró 0 nodos.
2026-06-15T17:24:11.297Z [vinted] Selector [data-testid='media-upload-grid'] ~ .media-select__input input[type='file'] encontró 0 nodos.
2026-06-15T17:24:11.312Z [vinted] Selector [data-testid='media-select'] input[type='file'] encontró 0 nodos.
2026-06-15T17:24:11.328Z [vinted] Selector input[type='file'][multiple] encontró 1 nodos.
2026-06-15T17:24:11.437Z [vinted] setInputFiles correcto con selector input[type='file'][multiple] índice 0.
2026-06-15T17:24:12.939Z [status] Rellenando título en Vinted...
2026-06-15T17:24:14.082Z [status] Rellenando descripción en Vinted...
2026-06-15T17:24:15.766Z [status] Seleccionando categoría en Vinted...
2026-06-15T17:24:19.338Z [status] Seleccionando plataforma en Vinted...
2026-06-15T17:24:52.210Z [status] He dejado Vinted abierto para que revises el punto exacto del fallo.
2026-06-15T17:28:36.574Z [renderer:2] %cElectron Security Warning (Insecure Content-Security-Policy) font-weight: bold; This renderer process has either no Content Security
  Policy set or a policy with "unsafe-eval" enabled. This exposes users of
  this app to unnecessary security risks.

For more information and help, consult
https://electronjs.org/docs/tutorial/security.
This warning will not show up
once the app is packaged.
2026-06-15T17:28:36.575Z [diagnostics] {"href":"file:///C:/laragon/www/programa-subidas/script%20vinted-wallapop/ui/index.html","hasDesktopApp":true,"hasStatusBox":true,"scriptCount":1}
2026-06-15T17:29:22.598Z [status] Abriendo Vinted para subir el artículo...
2026-06-15T17:29:23.743Z [status] Subiendo fotos en Vinted...
2026-06-15T17:29:23.744Z [vinted] Iniciando subida de fotos.
2026-06-15T17:29:25.987Z [vinted] Selector .media-select__input-content input[type='file'] encontró 0 nodos.
2026-06-15T17:29:25.989Z [vinted] Selector .media-select input[type='file'] encontró 0 nodos.
2026-06-15T17:29:26.002Z [vinted] Selector [data-testid='dropzone'] input[type='file'] encontró 0 nodos.
2026-06-15T17:29:26.017Z [vinted] Selector [data-testid='media-upload-grid'] ~ .media-select__input input[type='file'] encontró 0 nodos.
2026-06-15T17:29:26.033Z [vinted] Selector [data-testid='media-select'] input[type='file'] encontró 0 nodos.
2026-06-15T17:29:26.048Z [vinted] Selector input[type='file'][multiple] encontró 1 nodos.
2026-06-15T17:29:26.171Z [vinted] setInputFiles correcto con selector input[type='file'][multiple] índice 0.
2026-06-15T17:29:27.674Z [status] Rellenando título en Vinted...
2026-06-15T17:29:28.538Z [status] Rellenando descripción en Vinted...
2026-06-15T17:29:29.729Z [status] Seleccionando categoría en Vinted...
2026-06-15T17:29:33.300Z [status] Seleccionando plataforma en Vinted...
2026-06-15T17:30:06.133Z [status] He dejado Vinted abierto para que revises el punto exacto del fallo.
2026-06-15T17:31:14.872Z [renderer:2] %cElectron Security Warning (Insecure Content-Security-Policy) font-weight: bold; This renderer process has either no Content Security
  Policy set or a policy with "unsafe-eval" enabled. This exposes users of
  this app to unnecessary security risks.

For more information and help, consult
https://electronjs.org/docs/tutorial/security.
This warning will not show up
once the app is packaged.
2026-06-15T17:31:14.873Z [diagnostics] {"href":"file:///C:/laragon/www/programa-subidas/script%20vinted-wallapop/ui/index.html","hasDesktopApp":true,"hasStatusBox":true,"scriptCount":1}
2026-06-15T17:31:47.529Z [status] Abriendo Vinted para subir el artículo...
2026-06-15T17:31:48.633Z [status] Subiendo fotos en Vinted...
2026-06-15T17:31:48.634Z [vinted] Iniciando subida de fotos.
2026-06-15T17:31:50.906Z [vinted] Selector .media-select__input-content input[type='file'] encontró 0 nodos.
2026-06-15T17:31:50.922Z [vinted] Selector .media-select input[type='file'] encontró 0 nodos.
2026-06-15T17:31:50.937Z [vinted] Selector [data-testid='dropzone'] input[type='file'] encontró 0 nodos.
2026-06-15T17:31:50.953Z [vinted] Selector [data-testid='media-upload-grid'] ~ .media-select__input input[type='file'] encontró 0 nodos.
2026-06-15T17:31:50.969Z [vinted] Selector [data-testid='media-select'] input[type='file'] encontró 0 nodos.
2026-06-15T17:31:50.985Z [vinted] Selector input[type='file'][multiple] encontró 1 nodos.
2026-06-15T17:31:51.108Z [vinted] setInputFiles correcto con selector input[type='file'][multiple] índice 0.
2026-06-15T17:31:52.611Z [status] Rellenando título en Vinted...
2026-06-15T17:31:53.327Z [status] Rellenando descripción en Vinted...
2026-06-15T17:31:54.173Z [status] Seleccionando categoría en Vinted...
2026-06-15T17:31:57.648Z [status] Seleccionando plataforma en Vinted...
2026-06-15T17:32:30.499Z [status] He dejado Vinted abierto para que revises el punto exacto del fallo.
2026-06-15T17:34:02.908Z [renderer:2] %cElectron Security Warning (Insecure Content-Security-Policy) font-weight: bold; This renderer process has either no Content Security
  Policy set or a policy with "unsafe-eval" enabled. This exposes users of
  this app to unnecessary security risks.

For more information and help, consult
https://electronjs.org/docs/tutorial/security.
This warning will not show up
once the app is packaged.
2026-06-15T17:34:02.909Z [diagnostics] {"href":"file:///C:/laragon/www/programa-subidas/script%20vinted-wallapop/ui/index.html","hasDesktopApp":true,"hasStatusBox":true,"scriptCount":1}
2026-06-15T17:34:28.283Z [status] Abriendo Vinted para subir el artículo...
2026-06-15T17:34:31.722Z [status] Subiendo fotos en Vinted...
2026-06-15T17:34:31.722Z [vinted] Iniciando subida de fotos.
2026-06-15T17:34:33.004Z [vinted] Selector .media-select__input-content input[type='file'] encontró 0 nodos.
2026-06-15T17:34:33.020Z [vinted] Selector .media-select input[type='file'] encontró 0 nodos.
2026-06-15T17:34:33.035Z [vinted] Selector [data-testid='dropzone'] input[type='file'] encontró 0 nodos.
2026-06-15T17:34:33.038Z [vinted] Selector [data-testid='media-upload-grid'] ~ .media-select__input input[type='file'] encontró 0 nodos.
2026-06-15T17:34:33.040Z [vinted] Selector [data-testid='media-select'] input[type='file'] encontró 0 nodos.
2026-06-15T17:34:33.051Z [vinted] Selector input[type='file'][multiple] encontró 1 nodos.
2026-06-15T17:34:33.144Z [vinted] setInputFiles correcto con selector input[type='file'][multiple] índice 0.
2026-06-15T17:34:34.658Z [status] Rellenando título en Vinted...
2026-06-15T17:34:35.510Z [status] Rellenando descripción en Vinted...
2026-06-15T17:34:36.806Z [status] Seleccionando categoría en Vinted...
2026-06-15T17:34:40.408Z [status] Seleccionando plataforma en Vinted...
2026-06-15T17:35:13.351Z [status] He dejado Vinted abierto para que revises el punto exacto del fallo.
2026-06-15T17:36:00.238Z [renderer:2] %cElectron Security Warning (Insecure Content-Security-Policy) font-weight: bold; This renderer process has either no Content Security
  Policy set or a policy with "unsafe-eval" enabled. This exposes users of
  this app to unnecessary security risks.

For more information and help, consult
https://electronjs.org/docs/tutorial/security.
This warning will not show up
once the app is packaged.
2026-06-15T17:36:00.239Z [diagnostics] {"href":"file:///C:/laragon/www/programa-subidas/script%20vinted-wallapop/ui/index.html","hasDesktopApp":true,"hasStatusBox":true,"scriptCount":1}
2026-06-15T17:36:40.655Z [status] Abriendo Vinted para subir el artículo...
2026-06-15T17:36:41.938Z [status] Subiendo fotos en Vinted...
2026-06-15T17:36:41.939Z [vinted] Iniciando subida de fotos.
2026-06-15T17:36:43.725Z [vinted] Selector .media-select__input-content input[type='file'] encontró 0 nodos.
2026-06-15T17:36:43.740Z [vinted] Selector .media-select input[type='file'] encontró 0 nodos.
2026-06-15T17:36:43.756Z [vinted] Selector [data-testid='dropzone'] input[type='file'] encontró 0 nodos.
2026-06-15T17:36:43.772Z [vinted] Selector [data-testid='media-upload-grid'] ~ .media-select__input input[type='file'] encontró 0 nodos.
2026-06-15T17:36:43.788Z [vinted] Selector [data-testid='media-select'] input[type='file'] encontró 0 nodos.
2026-06-15T17:36:43.790Z [vinted] Selector input[type='file'][multiple] encontró 1 nodos.
2026-06-15T17:36:43.912Z [vinted] setInputFiles correcto con selector input[type='file'][multiple] índice 0.
2026-06-15T17:36:45.427Z [status] Rellenando título en Vinted...
2026-06-15T17:36:46.216Z [status] Rellenando descripción en Vinted...
2026-06-15T17:36:47.158Z [status] Seleccionando categoría en Vinted...
2026-06-15T17:36:50.675Z [status] Seleccionando plataforma en Vinted...
2026-06-15T17:37:23.592Z [status] He dejado Vinted abierto para que revises el punto exacto del fallo.
2026-06-15T17:41:56.287Z [renderer:2] %cElectron Security Warning (Insecure Content-Security-Policy) font-weight: bold; This renderer process has either no Content Security
  Policy set or a policy with "unsafe-eval" enabled. This exposes users of
  this app to unnecessary security risks.

For more information and help, consult
https://electronjs.org/docs/tutorial/security.
This warning will not show up
once the app is packaged.
2026-06-15T17:41:56.292Z [diagnostics] {"href":"file:///C:/laragon/www/programa-subidas/script%20vinted-wallapop/ui/index.html","hasDesktopApp":true,"hasStatusBox":true,"scriptCount":1}
2026-06-15T17:44:01.984Z [status] Abriendo Vinted para subir el artículo...
2026-06-15T17:44:05.802Z [status] Subiendo fotos en Vinted...
2026-06-15T17:44:05.802Z [vinted] Iniciando subida de fotos.
2026-06-15T17:44:07.080Z [vinted] Selector .media-select__input-content input[type='file'] encontró 0 nodos.
2026-06-15T17:44:07.082Z [vinted] Selector .media-select input[type='file'] encontró 0 nodos.
2026-06-15T17:44:07.095Z [vinted] Selector [data-testid='dropzone'] input[type='file'] encontró 0 nodos.
2026-06-15T17:44:07.111Z [vinted] Selector [data-testid='media-upload-grid'] ~ .media-select__input input[type='file'] encontró 0 nodos.
2026-06-15T17:44:07.126Z [vinted] Selector [data-testid='media-select'] input[type='file'] encontró 0 nodos.
2026-06-15T17:44:07.141Z [vinted] Selector input[type='file'][multiple] encontró 1 nodos.
2026-06-15T17:44:07.250Z [vinted] setInputFiles correcto con selector input[type='file'][multiple] índice 0.
2026-06-15T17:44:08.762Z [status] Rellenando título en Vinted...
2026-06-15T17:44:09.674Z [status] Rellenando descripción en Vinted...
2026-06-15T17:44:10.587Z [status] Seleccionando categoría en Vinted...
2026-06-15T17:44:14.117Z [status] Seleccionando plataforma en Vinted...
2026-06-15T17:44:46.901Z [status] He dejado Vinted abierto para que revises el punto exacto del fallo.
2026-06-15T17:46:09.245Z [renderer:2] %cElectron Security Warning (Insecure Content-Security-Policy) font-weight: bold; This renderer process has either no Content Security
  Policy set or a policy with "unsafe-eval" enabled. This exposes users of
  this app to unnecessary security risks.

For more information and help, consult
https://electronjs.org/docs/tutorial/security.
This warning will not show up
once the app is packaged.
2026-06-15T17:46:09.247Z [diagnostics] {"href":"file:///C:/laragon/www/programa-subidas/script%20vinted-wallapop/ui/index.html","hasDesktopApp":true,"hasStatusBox":true,"scriptCount":1}
2026-06-15T17:46:57.835Z [status] Abriendo Vinted para subir el artículo...
2026-06-15T17:47:00.838Z [status] Subiendo fotos en Vinted...
2026-06-15T17:47:00.839Z [vinted] Iniciando subida de fotos.
2026-06-15T17:47:02.122Z [vinted] Selector .media-select__input-content input[type='file'] encontró 0 nodos.
2026-06-15T17:47:02.136Z [vinted] Selector .media-select input[type='file'] encontró 0 nodos.
2026-06-15T17:47:02.152Z [vinted] Selector [data-testid='dropzone'] input[type='file'] encontró 0 nodos.
2026-06-15T17:47:02.165Z [vinted] Selector [data-testid='media-upload-grid'] ~ .media-select__input input[type='file'] encontró 0 nodos.
2026-06-15T17:47:02.182Z [vinted] Selector [data-testid='media-select'] input[type='file'] encontró 0 nodos.
2026-06-15T17:47:02.198Z [vinted] Selector input[type='file'][multiple] encontró 1 nodos.
2026-06-15T17:47:02.306Z [vinted] setInputFiles correcto con selector input[type='file'][multiple] índice 0.
2026-06-15T17:47:03.809Z [status] Rellenando título en Vinted...
2026-06-15T17:47:04.727Z [status] Rellenando descripción en Vinted...
2026-06-15T17:47:05.968Z [status] Seleccionando categoría en Vinted...
2026-06-15T17:47:09.587Z [status] Seleccionando plataforma en Vinted...
2026-06-15T17:47:09.588Z [vinted] Intentando seleccionar plataforma: "Super Nintendo".
2026-06-15T17:47:42.481Z [vinted] Opciones visibles tras buscar plataforma: []
2026-06-15T17:47:42.497Z [vinted] Click directo sobre fila de plataforma: no encontrada.
2026-06-15T17:47:43.298Z [vinted] Valor del input de plataforma tras ArrowDown+Enter: "".
2026-06-15T17:47:43.314Z [vinted] Fallo final al seleccionar plataforma. Valor actual del input: "".
2026-06-15T17:47:43.314Z [status] He dejado Vinted abierto para que revises el punto exacto del fallo.
2026-06-15T17:48:21.188Z [renderer:2] %cElectron Security Warning (Insecure Content-Security-Policy) font-weight: bold; This renderer process has either no Content Security
  Policy set or a policy with "unsafe-eval" enabled. This exposes users of
  this app to unnecessary security risks.

For more information and help, consult
https://electronjs.org/docs/tutorial/security.
This warning will not show up
once the app is packaged.
2026-06-15T17:48:21.189Z [diagnostics] {"href":"file:///C:/laragon/www/programa-subidas/script%20vinted-wallapop/ui/index.html","hasDesktopApp":true,"hasStatusBox":true,"scriptCount":1}
2026-06-15T17:48:42.918Z [status] Abriendo Vinted para subir el artículo...
2026-06-15T17:48:47.097Z [status] Subiendo fotos en Vinted...
2026-06-15T17:48:47.098Z [vinted] Iniciando subida de fotos.
2026-06-15T17:48:48.384Z [vinted] Selector .media-select__input-content input[type='file'] encontró 0 nodos.
2026-06-15T17:48:48.399Z [vinted] Selector .media-select input[type='file'] encontró 0 nodos.
2026-06-15T17:48:48.405Z [vinted] Selector [data-testid='dropzone'] input[type='file'] encontró 0 nodos.
2026-06-15T17:48:48.410Z [vinted] Selector [data-testid='media-upload-grid'] ~ .media-select__input input[type='file'] encontró 0 nodos.
2026-06-15T17:48:48.414Z [vinted] Selector [data-testid='media-select'] input[type='file'] encontró 0 nodos.
2026-06-15T17:48:48.429Z [vinted] Selector input[type='file'][multiple] encontró 1 nodos.
2026-06-15T17:48:48.553Z [vinted] setInputFiles correcto con selector input[type='file'][multiple] índice 0.
2026-06-15T17:48:50.066Z [status] Rellenando título en Vinted...
2026-06-15T17:48:50.992Z [status] Rellenando descripción en Vinted...
2026-06-15T17:48:52.435Z [status] Seleccionando categoría en Vinted...
2026-06-15T17:48:56.039Z [status] Seleccionando plataforma en Vinted...
2026-06-15T17:48:56.040Z [vinted] Intentando seleccionar plataforma: "Super Nintendo".
2026-06-15T17:48:56.040Z [vinted] Localizado input principal de plataforma.
2026-06-15T17:48:56.055Z [vinted] El input principal de plataforma es visible; abriendo dropdown.
2026-06-15T17:48:56.655Z [vinted] Esperando al dropdown de plataforma.
2026-06-15T17:48:56.686Z [vinted] Dropdown de plataforma visible: true.
2026-06-15T17:48:56.702Z [vinted] Input de búsqueda de plataforma visible: true.
2026-06-15T17:49:28.831Z [vinted] Texto escrito en búsqueda de plataforma.
2026-06-15T17:49:28.862Z [vinted] Opciones visibles tras buscar plataforma: []
2026-06-15T17:49:28.877Z [vinted] Click directo sobre fila de plataforma: no encontrada.
2026-06-15T17:49:29.681Z [vinted] Valor del input de plataforma tras ArrowDown+Enter: "".
2026-06-15T17:49:29.696Z [vinted] Fallo final al seleccionar plataforma. Valor actual del input: "".
2026-06-15T17:49:29.696Z [status] He dejado Vinted abierto para que revises el punto exacto del fallo.
2026-06-15T17:53:27.900Z [renderer:3] Uncaught ReferenceError: exports is not defined
2026-06-15T17:53:27.902Z [renderer:2] %cElectron Security Warning (Insecure Content-Security-Policy) font-weight: bold; This renderer process has either no Content Security
  Policy set or a policy with "unsafe-eval" enabled. This exposes users of
  this app to unnecessary security risks.

For more information and help, consult
https://electronjs.org/docs/tutorial/security.
This warning will not show up
once the app is packaged.
2026-06-15T17:53:27.902Z [diagnostics] {"href":"file:///C:/laragon/www/programa-subidas/script%20vinted-wallapop/ui/index.html","hasDesktopApp":true,"hasStatusBox":true,"scriptCount":1}
2026-06-15T17:54:53.562Z [renderer:2] %cElectron Security Warning (Insecure Content-Security-Policy) font-weight: bold; This renderer process has either no Content Security
  Policy set or a policy with "unsafe-eval" enabled. This exposes users of
  this app to unnecessary security risks.

For more information and help, consult
https://electronjs.org/docs/tutorial/security.
This warning will not show up
once the app is packaged.
2026-06-15T17:54:53.562Z [diagnostics] {"href":"file:///C:/laragon/www/programa-subidas/script%20vinted-wallapop/ui/index.html","hasDesktopApp":true,"hasStatusBox":true,"scriptCount":1}
2026-06-15T17:55:17.637Z [status] Abriendo Vinted para subir el artículo...
2026-06-15T17:55:20.686Z [status] Subiendo fotos en Vinted...
2026-06-15T17:55:20.687Z [vinted] Iniciando subida de fotos.
2026-06-15T17:55:21.972Z [vinted] Selector .media-select__input-content input[type='file'] encontró 0 nodos.
2026-06-15T17:55:21.988Z [vinted] Selector .media-select input[type='file'] encontró 0 nodos.
2026-06-15T17:55:21.994Z [vinted] Selector [data-testid='dropzone'] input[type='file'] encontró 0 nodos.
2026-06-15T17:55:22.001Z [vinted] Selector [data-testid='media-upload-grid'] ~ .media-select__input input[type='file'] encontró 0 nodos.
2026-06-15T17:55:22.019Z [vinted] Selector [data-testid='media-select'] input[type='file'] encontró 0 nodos.
2026-06-15T17:55:22.034Z [vinted] Selector input[type='file'][multiple] encontró 1 nodos.
2026-06-15T17:55:22.112Z [vinted] setInputFiles correcto con selector input[type='file'][multiple] índice 0.
2026-06-15T17:55:23.614Z [status] Rellenando título en Vinted...
2026-06-15T17:55:24.435Z [status] Rellenando descripción en Vinted...
2026-06-15T17:55:25.396Z [status] Seleccionando categoría en Vinted...
2026-06-15T17:55:28.971Z [status] Seleccionando plataforma en Vinted...
2026-06-15T17:55:28.972Z [vinted] Intentando seleccionar plataforma: id=1273, label="Nintendo Switch".
2026-06-15T17:55:28.973Z [vinted] Localizado input principal de plataforma.
2026-06-15T17:55:28.984Z [vinted] El input principal de plataforma es visible; abriendo dropdown.
2026-06-15T17:55:29.621Z [vinted] Esperando al dropdown de plataforma.
2026-06-15T17:55:29.649Z [vinted] Dropdown de plataforma visible: true.
2026-06-15T17:55:29.668Z [vinted] Input de búsqueda de plataforma visible: true.
2026-06-15T17:56:01.859Z [vinted] Texto escrito en búsqueda de plataforma.
2026-06-15T17:56:01.874Z [vinted] Opciones visibles tras buscar plataforma: []
2026-06-15T17:56:01.890Z [vinted] Click directo sobre fila de plataforma: no encontrada.
2026-06-15T17:56:02.706Z [vinted] Valor del input de plataforma tras ArrowDown+Enter: "".
2026-06-15T17:56:02.722Z [vinted] Fallo final al seleccionar plataforma. Valor actual del input: "".
2026-06-15T17:56:02.722Z [status] He dejado Vinted abierto para que revises el punto exacto del fallo.
2026-06-15T17:56:42.287Z [renderer:2] %cElectron Security Warning (Insecure Content-Security-Policy) font-weight: bold; This renderer process has either no Content Security
  Policy set or a policy with "unsafe-eval" enabled. This exposes users of
  this app to unnecessary security risks.

For more information and help, consult
https://electronjs.org/docs/tutorial/security.
This warning will not show up
once the app is packaged.
2026-06-15T17:56:42.287Z [diagnostics] {"href":"file:///C:/laragon/www/programa-subidas/script%20vinted-wallapop/ui/index.html","hasDesktopApp":true,"hasStatusBox":true,"scriptCount":1}
2026-06-15T17:57:11.410Z [status] Abriendo Vinted para subir el artículo...
2026-06-15T17:57:12.553Z [status] Subiendo fotos en Vinted...
2026-06-15T17:57:12.554Z [vinted] Iniciando subida de fotos.
2026-06-15T17:57:14.905Z [vinted] Selector .media-select__input-content input[type='file'] encontró 0 nodos.
2026-06-15T17:57:14.920Z [vinted] Selector .media-select input[type='file'] encontró 0 nodos.
2026-06-15T17:57:14.936Z [vinted] Selector [data-testid='dropzone'] input[type='file'] encontró 0 nodos.
2026-06-15T17:57:14.951Z [vinted] Selector [data-testid='media-upload-grid'] ~ .media-select__input input[type='file'] encontró 0 nodos.
2026-06-15T17:57:14.966Z [vinted] Selector [data-testid='media-select'] input[type='file'] encontró 0 nodos.
2026-06-15T17:57:14.982Z [vinted] Selector input[type='file'][multiple] encontró 1 nodos.
2026-06-15T17:57:15.106Z [vinted] setInputFiles correcto con selector input[type='file'][multiple] índice 0.
2026-06-15T17:57:16.622Z [status] Rellenando título en Vinted...
2026-06-15T17:57:17.412Z [status] Rellenando descripción en Vinted...
2026-06-15T17:57:18.573Z [status] Seleccionando categoría en Vinted...
2026-06-15T17:57:22.140Z [status] Seleccionando plataforma en Vinted...
2026-06-15T17:57:22.141Z [vinted] Intentando seleccionar plataforma: id=1287, label="Super Nintendo".
2026-06-15T17:57:22.141Z [vinted] Localizado input principal de plataforma.
2026-06-15T17:57:22.155Z [vinted] El input principal de plataforma es visible; abriendo dropdown.
2026-06-15T17:57:22.743Z [vinted] Esperando al dropdown de plataforma.
2026-06-15T17:57:22.774Z [vinted] Dropdown de plataforma visible: true.
2026-06-15T17:57:22.994Z [vinted] Intento 1: click sobre fila de plataforma ok.
2026-06-15T17:57:23.517Z [vinted] Valor del input de plataforma tras click en fila: "Super Nintendo".
2026-06-15T17:57:23.517Z [status] Seleccionando clasificación en Vinted...
2026-06-15T17:57:24.282Z [status] Seleccionando estado en Vinted...
2026-06-15T17:57:25.009Z [status] Rellenando precio en Vinted...
2026-06-15T17:57:25.492Z [status] Formulario de Vinted completado. He dejado la ventana abierta para revisión manual.
2026-06-15T17:57:40.148Z [status] Abriendo la pagina de subida de Wallapop...
2026-06-15T17:57:44.091Z [status] Seleccionando 'Algo que ya no necesito'...
2026-06-15T17:57:45.790Z [status] Rellenando el resumen inicial...
2026-06-15T17:57:48.586Z [status] Continuando al formulario completo...
2026-06-15T17:57:48.786Z [status] Subiendo imagenes...
2026-06-15T17:57:52.528Z [status] Continuando despues de las fotos...
2026-06-15T17:57:54.259Z [status] Seleccionando la categoria...
2026-06-15T17:57:54.337Z [status] He dejado el navegador abierto para que puedas revisar el punto exacto donde fallo.
2026-06-15T17:58:18.337Z [status] Abriendo la pagina de subida de Wallapop...
2026-06-15T17:58:22.064Z [status] Seleccionando 'Algo que ya no necesito'...
2026-06-15T17:58:23.750Z [status] Rellenando el resumen inicial...
2026-06-15T17:58:26.569Z [status] Continuando al formulario completo...
2026-06-15T17:58:26.802Z [status] Subiendo imagenes...
2026-06-15T17:58:30.529Z [status] Continuando despues de las fotos...
2026-06-15T17:58:32.264Z [status] Seleccionando la categoria...
2026-06-15T17:58:38.938Z [status] Esperando a que carguen los detalles del producto...
2026-06-15T17:58:40.189Z [status] Rellenando informacion del producto...
2026-06-15T17:58:42.806Z [status] Seleccionando el peso del envio...
2026-06-15T17:58:42.960Z [status] Formulario completado. He dejado el navegador abierto para que revises el anuncio antes de publicarlo.
2026-06-15T17:58:54.591Z [status] Abriendo la pagina de subida de Wallapop...
2026-06-15T17:58:58.429Z [status] Seleccionando 'Algo que ya no necesito'...
2026-06-15T17:59:00.148Z [status] Rellenando el resumen inicial...
2026-06-15T17:59:02.995Z [status] Continuando al formulario completo...
2026-06-15T17:59:03.210Z [status] Subiendo imagenes...
2026-06-15T17:59:05.422Z [status] Continuando despues de las fotos...
2026-06-15T17:59:07.165Z [status] Seleccionando la categoria...
2026-06-15T17:59:13.813Z [status] Esperando a que carguen los detalles del producto...
2026-06-15T17:59:15.066Z [status] Rellenando informacion del producto...
2026-06-15T17:59:17.854Z [status] Seleccionando el peso del envio...
2026-06-15T17:59:18.054Z [status] Formulario completado. He dejado el navegador abierto para que revises el anuncio antes de publicarlo.
2026-06-15T18:10:17.063Z [renderer:2] %cElectron Security Warning (Insecure Content-Security-Policy) font-weight: bold; This renderer process has either no Content Security
  Policy set or a policy with "unsafe-eval" enabled. This exposes users of
  this app to unnecessary security risks.

For more information and help, consult
https://electronjs.org/docs/tutorial/security.
This warning will not show up
once the app is packaged.
2026-06-15T18:10:17.063Z [diagnostics] {"href":"file:///C:/laragon/www/programa-subidas/script%20vinted-wallapop/ui/index.html","hasDesktopApp":true,"hasStatusBox":true,"scriptCount":1}
2026-06-15T18:10:25.835Z [status] Abriendo ERP para iniciar sesion...
2026-06-15T18:10:26.900Z [status] Inicia sesion manualmente en el ERP y cierra esa ventana cuando termines.
2026-06-15T18:12:07.598Z [status] Sesion del ERP guardada.
2026-06-15T18:18:55.505Z [renderer:2] %cElectron Security Warning (Insecure Content-Security-Policy) font-weight: bold; This renderer process has either no Content Security
  Policy set or a policy with "unsafe-eval" enabled. This exposes users of
  this app to unnecessary security risks.

For more information and help, consult
https://electronjs.org/docs/tutorial/security.
This warning will not show up
once the app is packaged.
2026-06-15T18:18:55.506Z [diagnostics] {"href":"file:///C:/laragon/www/programa-subidas/script%20vinted-wallapop/ui/index.html","hasDesktopApp":true,"hasStatusBox":true,"scriptCount":1}
2026-06-15T18:20:41.008Z [renderer:2] %cElectron Security Warning (Insecure Content-Security-Policy) font-weight: bold; This renderer process has either no Content Security
  Policy set or a policy with "unsafe-eval" enabled. This exposes users of
  this app to unnecessary security risks.

For more information and help, consult
https://electronjs.org/docs/tutorial/security.
This warning will not show up
once the app is packaged.
2026-06-15T18:20:41.009Z [diagnostics] {"href":"file:///C:/laragon/www/programa-subidas/script%20vinted-wallapop/ui/index.html","hasDesktopApp":true,"hasStatusBox":true,"scriptCount":1}
2026-06-15T18:21:12.372Z [status] Abriendo Vinted para subir el artículo...
2026-06-15T18:21:14.354Z [status] Subiendo fotos en Vinted...
2026-06-15T18:21:14.355Z [vinted] Iniciando subida de fotos.
2026-06-15T18:21:17.308Z [vinted] Selector .media-select__input-content input[type='file'] encontró 0 nodos.
2026-06-15T18:21:17.323Z [vinted] Selector .media-select input[type='file'] encontró 0 nodos.
2026-06-15T18:21:17.338Z [vinted] Selector [data-testid='dropzone'] input[type='file'] encontró 0 nodos.
2026-06-15T18:21:17.354Z [vinted] Selector [data-testid='media-upload-grid'] ~ .media-select__input input[type='file'] encontró 0 nodos.
2026-06-15T18:21:17.370Z [vinted] Selector [data-testid='media-select'] input[type='file'] encontró 0 nodos.
2026-06-15T18:21:17.385Z [vinted] Selector input[type='file'][multiple] encontró 1 nodos.
2026-06-15T18:21:17.510Z [vinted] setInputFiles correcto con selector input[type='file'][multiple] índice 0.
2026-06-15T18:21:19.024Z [status] Rellenando título en Vinted...
2026-06-15T18:21:19.567Z [status] Rellenando descripción en Vinted...
2026-06-15T18:21:20.494Z [status] Seleccionando categoría en Vinted...
2026-06-15T18:21:24.014Z [status] Seleccionando plataforma en Vinted...
2026-06-15T18:21:24.015Z [vinted] Intentando seleccionar plataforma: id=1287, label="Super Nintendo".
2026-06-15T18:21:24.015Z [vinted] Localizado input principal de plataforma.
2026-06-15T18:21:24.029Z [vinted] El input principal de plataforma es visible; abriendo dropdown.
2026-06-15T18:21:24.663Z [vinted] Esperando al dropdown de plataforma.
2026-06-15T18:21:24.694Z [vinted] Dropdown de plataforma visible: true.
2026-06-15T18:21:24.908Z [vinted] Intento 1: click sobre fila de plataforma ok.
2026-06-15T18:21:25.437Z [vinted] Valor del input de plataforma tras click en fila: "Super Nintendo".
2026-06-15T18:21:25.437Z [status] Seleccionando clasificación en Vinted...
2026-06-15T18:21:26.136Z [status] Seleccionando estado en Vinted...
2026-06-15T18:21:26.879Z [status] Rellenando precio en Vinted...
2026-06-15T18:21:27.436Z [status] Formulario de Vinted completado. He dejado la ventana abierta para revisión manual.
2026-06-15T20:34:04.178Z [renderer:2] %cElectron Security Warning (Insecure Content-Security-Policy) font-weight: bold; This renderer process has either no Content Security
  Policy set or a policy with "unsafe-eval" enabled. This exposes users of
  this app to unnecessary security risks.

For more information and help, consult
https://electronjs.org/docs/tutorial/security.
This warning will not show up
once the app is packaged.
2026-06-15T20:34:04.179Z [diagnostics] {"href":"file:///C:/laragon/www/programa-subidas/script%20vinted-wallapop/ui/index.html","hasDesktopApp":true,"hasStatusBox":true,"scriptCount":1}
2026-06-15T20:34:43.290Z [status] Abriendo ERP en productos...
2026-06-15T20:34:44.758Z [status] Entrando en Web/Venta del ERP...
2026-06-15T20:34:44.913Z [status] Abriendo nuevo producto en ERP...
2026-06-15T20:34:45.160Z [status] Rellenando datos generales del ERP...
2026-06-15T20:34:46.647Z [status] He dejado ERP abierto para que revises el punto exacto del fallo.
2026-06-15T20:40:58.468Z [renderer:2] %cElectron Security Warning (Insecure Content-Security-Policy) font-weight: bold; This renderer process has either no Content Security
  Policy set or a policy with "unsafe-eval" enabled. This exposes users of
  this app to unnecessary security risks.

For more information and help, consult
https://electronjs.org/docs/tutorial/security.
This warning will not show up
once the app is packaged.
2026-06-15T20:40:58.468Z [diagnostics] {"href":"file:///C:/laragon/www/programa-subidas/script%20vinted-wallapop/ui/index.html","hasDesktopApp":true,"hasStatusBox":true,"scriptCount":1}
2026-06-15T20:41:43.986Z [status] Abriendo ERP en productos...
2026-06-15T20:41:45.114Z [status] Entrando en Web/Venta del ERP...
2026-06-15T20:41:45.284Z [status] Abriendo nuevo producto en ERP...
2026-06-15T20:41:45.517Z [status] Rellenando datos generales del ERP...
2026-06-15T20:41:48.493Z [status] Configurando estados del ERP...
2026-06-15T20:42:49.637Z [status] Rellenando categoria e informacion web del ERP...
2026-06-15T20:44:11.334Z [renderer:2] %cElectron Security Warning (Insecure Content-Security-Policy) font-weight: bold; This renderer process has either no Content Security
  Policy set or a policy with "unsafe-eval" enabled. This exposes users of
  this app to unnecessary security risks.

For more information and help, consult
https://electronjs.org/docs/tutorial/security.
This warning will not show up
once the app is packaged.
2026-06-15T20:44:11.336Z [diagnostics] {"href":"file:///C:/laragon/www/programa-subidas/script%20vinted-wallapop/ui/index.html","hasDesktopApp":true,"hasStatusBox":true,"scriptCount":1}
2026-06-15T20:45:57.150Z [status] Abriendo ERP en productos...
2026-06-15T20:45:58.446Z [status] Entrando en Web/Venta del ERP...
2026-06-15T20:45:58.631Z [status] Abriendo nuevo producto en ERP...
2026-06-15T20:45:58.756Z [status] Rellenando datos generales del ERP...
2026-06-15T20:46:01.931Z [status] Configurando estados del ERP...
2026-06-15T20:46:01.932Z [status] ERP: Estado ERP -> Listo para la venta
2026-06-15T20:46:01.993Z [status] ERP: Condicion web -> Sin definir
2026-06-15T20:46:02.226Z [status] ERP: Grado condicion web -> Sin definir
2026-06-15T20:46:02.444Z [status] ERP: Region web -> NTSC JAP
2026-06-15T20:46:02.999Z [status] ERP: Publicar web -> Si
2026-06-15T20:46:03.060Z [status] ERP: Gestion stock Woo -> Si
2026-06-15T20:46:03.293Z [status] ERP: Estado impuestos -> taxable
2026-06-15T20:46:03.541Z [status] Rellenando categoria e informacion web del ERP...
2026-06-15T20:47:48.691Z [status] Abriendo ERP en productos...
2026-06-15T20:47:49.816Z [status] Entrando en Web/Venta del ERP...
2026-06-15T20:47:50.015Z [status] Abriendo nuevo producto en ERP...
2026-06-15T20:47:50.247Z [status] Rellenando datos generales del ERP...
2026-06-15T20:48:01.975Z [renderer:2] %cElectron Security Warning (Insecure Content-Security-Policy) font-weight: bold; This renderer process has either no Content Security
  Policy set or a policy with "unsafe-eval" enabled. This exposes users of
  this app to unnecessary security risks.

For more information and help, consult
https://electronjs.org/docs/tutorial/security.
This warning will not show up
once the app is packaged.
2026-06-15T20:48:01.976Z [diagnostics] {"href":"file:///C:/laragon/www/programa-subidas/script%20vinted-wallapop/ui/index.html","hasDesktopApp":true,"hasStatusBox":true,"scriptCount":1}
2026-06-15T20:52:37.826Z [renderer:2] %cElectron Security Warning (Insecure Content-Security-Policy) font-weight: bold; This renderer process has either no Content Security
  Policy set or a policy with "unsafe-eval" enabled. This exposes users of
  this app to unnecessary security risks.

For more information and help, consult
https://electronjs.org/docs/tutorial/security.
This warning will not show up
once the app is packaged.
2026-06-15T20:52:37.827Z [diagnostics] {"href":"file:///C:/laragon/www/programa-subidas/script%20vinted-wallapop/ui/index.html","hasDesktopApp":true,"hasStatusBox":true,"scriptCount":1}
2026-06-15T20:53:25.884Z [status] Abriendo ERP en productos...
2026-06-15T20:53:27.196Z [status] Entrando en Web/Venta del ERP...
2026-06-15T20:53:27.396Z [status] Abriendo nuevo producto en ERP...
2026-06-15T20:53:27.611Z [status] Rellenando datos generales del ERP...
2026-06-15T20:53:31.232Z [status] Configurando estados del ERP...
2026-06-15T20:53:31.233Z [status] ERP: Estado ERP -> Listo para la venta
2026-06-15T20:53:31.309Z [status] ERP: Condicion web -> Sin definir
2026-06-15T20:53:31.558Z [status] He dejado ERP abierto para que revises el punto exacto del fallo.
2026-06-15T22:29:08.705Z [renderer:2] %cElectron Security Warning (Insecure Content-Security-Policy) font-weight: bold; This renderer process has either no Content Security
  Policy set or a policy with "unsafe-eval" enabled. This exposes users of
  this app to unnecessary security risks.

For more information and help, consult
https://electronjs.org/docs/tutorial/security.
This warning will not show up
once the app is packaged.
2026-06-15T22:29:08.706Z [diagnostics] {"href":"file:///C:/laragon/www/programa-subidas/script%20vinted-wallapop/ui/index.html","hasDesktopApp":true,"hasStatusBox":true,"scriptCount":1}
2026-06-15T22:30:49.521Z [status] Abriendo ERP en productos...
2026-06-15T22:30:51.185Z [status] Entrando en Web/Venta del ERP...
2026-06-15T22:30:51.370Z [status] Abriendo nuevo producto en ERP...
2026-06-15T22:30:51.585Z [status] Rellenando datos generales del ERP...
2026-06-15T22:30:55.319Z [status] Configurando estados del ERP...
2026-06-15T22:30:55.320Z [status] ERP: Estado ERP -> Listo para la venta
2026-06-15T22:30:55.395Z [status] ERP: Condicion web -> Completo
2026-06-15T22:30:55.889Z [status] ERP: Grado condicion web -> Muy bueno
2026-06-15T22:30:56.381Z [status] ERP: Region web -> NTSC JAP
2026-06-15T22:30:56.582Z [status] He dejado ERP abierto para que revises el punto exacto del fallo.
2026-06-15T22:32:32.438Z [status] Abriendo ERP en productos...
2026-06-15T22:32:33.658Z [status] Entrando en Web/Venta del ERP...
2026-06-15T22:32:33.844Z [status] Abriendo nuevo producto en ERP...
2026-06-15T22:32:33.968Z [status] Rellenando datos generales del ERP...
2026-06-15T22:32:37.633Z [status] Configurando estados del ERP...
2026-06-15T22:32:37.634Z [status] ERP: Estado ERP -> Listo para la venta
2026-06-15T22:32:37.695Z [status] ERP: Condicion web -> Completo
2026-06-15T22:32:38.160Z [status] ERP: Grado condicion web -> Muy bueno
2026-06-15T22:32:38.625Z [status] ERP: Region web -> NTSC JAP
2026-06-15T22:32:38.858Z [status] He dejado ERP abierto para que revises el punto exacto del fallo.
2026-06-15T22:33:18.707Z [renderer:2] %cElectron Security Warning (Insecure Content-Security-Policy) font-weight: bold; This renderer process has either no Content Security
  Policy set or a policy with "unsafe-eval" enabled. This exposes users of
  this app to unnecessary security risks.

For more information and help, consult
https://electronjs.org/docs/tutorial/security.
This warning will not show up
once the app is packaged.
2026-06-15T22:33:18.708Z [diagnostics] {"href":"file:///C:/laragon/www/programa-subidas/script%20vinted-wallapop/ui/index.html","hasDesktopApp":true,"hasStatusBox":true,"scriptCount":1}
2026-06-15T22:34:15.868Z [status] Abriendo ERP en productos...
2026-06-15T22:34:17.147Z [status] Entrando en Web/Venta del ERP...
2026-06-15T22:34:17.315Z [status] Abriendo nuevo producto en ERP...
2026-06-15T22:34:17.408Z [status] Rellenando datos generales del ERP...
2026-06-15T22:34:21.280Z [status] Configurando estados del ERP...
2026-06-15T22:34:21.281Z [status] ERP: Estado ERP -> Listo para la venta
2026-06-15T22:34:21.357Z [status] ERP: Condicion web -> Completo
2026-06-15T22:34:21.805Z [status] ERP: Grado condicion web -> Muy bueno
2026-06-15T22:34:22.255Z [status] ERP: Region web -> NTSC/JP
2026-06-15T22:34:22.658Z [status] ERP: Publicar web -> Si
2026-06-15T22:34:22.734Z [status] ERP: Gestion stock Woo -> Si
2026-06-15T22:34:23.216Z [status] ERP: Estado impuestos -> taxable
2026-06-15T22:34:23.699Z [status] Rellenando categoria e informacion web del ERP...
2026-06-15T22:34:23.948Z [status] He dejado ERP abierto para que revises el punto exacto del fallo.
2026-06-15T23:28:32.056Z [renderer:2] %cElectron Security Warning (Insecure Content-Security-Policy) font-weight: bold; This renderer process has either no Content Security
  Policy set or a policy with "unsafe-eval" enabled. This exposes users of
  this app to unnecessary security risks.

For more information and help, consult
https://electronjs.org/docs/tutorial/security.
This warning will not show up
once the app is packaged.
2026-06-15T23:28:32.057Z [diagnostics] {"href":"file:///C:/laragon/www/programa-subidas/script%20vinted-wallapop/ui/index.html","hasDesktopApp":true,"hasStatusBox":true,"scriptCount":1}
2026-06-15T23:29:06.844Z [status] Abriendo ERP en productos...
2026-06-15T23:29:08.330Z [status] Entrando en Web/Venta del ERP...
2026-06-15T23:29:08.511Z [status] Abriendo nuevo producto en ERP...
2026-06-15T23:29:08.749Z [status] Rellenando datos generales del ERP...
2026-06-15T23:29:12.382Z [status] Configurando estados del ERP...
2026-06-15T23:29:12.383Z [status] ERP: Estado ERP -> Listo para la venta
2026-06-15T23:29:12.431Z [status] ERP: Condicion web -> Completo
2026-06-15T23:29:12.908Z [status] ERP: Grado condicion web -> Muy bueno
2026-06-15T23:29:13.356Z [status] ERP: Region web -> NTSC/JP
2026-06-15T23:29:13.820Z [status] ERP: Publicar web -> Si
2026-06-15T23:29:13.895Z [status] ERP: Gestion stock Woo -> Si
2026-06-15T23:29:14.310Z [status] ERP: Estado impuestos -> taxable
2026-06-15T23:29:14.744Z [status] Rellenando categoria e informacion web del ERP...
2026-06-15T23:29:14.744Z [status] ERP: Categoria principal
2026-06-15T23:35:08.302Z [renderer:2] %cElectron Security Warning (Insecure Content-Security-Policy) font-weight: bold; This renderer process has either no Content Security
  Policy set or a policy with "unsafe-eval" enabled. This exposes users of
  this app to unnecessary security risks.

For more information and help, consult
https://electronjs.org/docs/tutorial/security.
This warning will not show up
once the app is packaged.
2026-06-15T23:35:08.302Z [diagnostics] {"href":"file:///C:/laragon/www/programa-subidas/script%20vinted-wallapop/ui/index.html","hasDesktopApp":true,"hasStatusBox":true,"scriptCount":1}
2026-06-15T23:35:36.600Z [status] Abriendo ERP en productos...
2026-06-15T23:35:37.942Z [status] Entrando en Web/Venta del ERP...
2026-06-15T23:35:38.064Z [status] Abriendo nuevo producto en ERP...
2026-06-15T23:35:38.204Z [status] Rellenando datos generales del ERP...
2026-06-15T23:35:41.818Z [status] Configurando estados del ERP...
2026-06-15T23:35:41.819Z [status] ERP: Estado ERP -> Listo para la venta
2026-06-15T23:35:41.879Z [status] ERP: Condicion web -> Completo
2026-06-15T23:35:42.325Z [status] ERP: Grado condicion web -> Muy bueno
2026-06-15T23:35:42.802Z [status] ERP: Region web -> PAL/EU
2026-06-15T23:35:43.272Z [status] ERP: Publicar web -> Si
2026-06-15T23:35:43.342Z [status] ERP: Gestion stock Woo -> Si
2026-06-15T23:35:43.804Z [status] ERP: Estado impuestos -> taxable
2026-06-15T23:35:44.267Z [status] Rellenando categoria e informacion web del ERP...
2026-06-15T23:35:44.268Z [status] ERP: Categoria principal
2026-06-15T23:35:44.391Z [status] ERP: Marcando categorias
